[2026-03-15T00:00:17.085+0000] {processor.py:161} INFO - Started process (PID=432) to work on /opt/airflow/dags/cricket_etl_dag.py
[2026-03-15T00:00:17.088+0000] {processor.py:830} INFO - Processing file /opt/airflow/dags/cricket_etl_dag.py for tasks to queue
[2026-03-15T00:00:17.090+0000] {logging_mixin.py:188} INFO - [2026-03-15T00:00:17.089+0000] {dagbag.py:538} INFO - Filling up the DagBag from /opt/airflow/dags/cricket_etl_dag.py
[2026-03-15T00:00:17.136+0000] {processor.py:840} INFO - DAG(s) 'cricketiq_etl_pipeline' retrieved from /opt/airflow/dags/cricket_etl_dag.py
[2026-03-15T00:00:17.156+0000] {logging_mixin.py:188} INFO - [2026-03-15T00:00:17.156+0000] {dag.py:3036} INFO - Sync 1 DAGs
[2026-03-15T00:00:17.170+0000] {logging_mixin.py:188} INFO - [2026-03-15T00:00:17.170+0000] {dag.py:3823} INFO - Setting next_dagrun for cricketiq_etl_pipeline to 2026-03-14 23:00:00+00:00, run_after=2026-03-15 00:00:00+00:00
[2026-03-15T00:00:17.184+0000] {processor.py:183} INFO - Processing /opt/airflow/dags/cricket_etl_dag.py took 0.101 seconds
[2026-03-15T00:00:47.475+0000] {processor.py:161} INFO - Started process (PID=437) to work on /opt/airflow/dags/cricket_etl_dag.py
[2026-03-15T00:00:47.476+0000] {processor.py:830} INFO - Processing file /opt/airflow/dags/cricket_etl_dag.py for tasks to queue
[2026-03-15T00:00:47.477+0000] {logging_mixin.py:188} INFO - [2026-03-15T00:00:47.477+0000] {dagbag.py:538} INFO - Filling up the DagBag from /opt/airflow/dags/cricket_etl_dag.py
[2026-03-15T00:00:47.552+0000] {processor.py:840} INFO - DAG(s) 'cricketiq_etl_pipeline' retrieved from /opt/airflow/dags/cricket_etl_dag.py
[2026-03-15T00:00:47.571+0000] {logging_mixin.py:188} INFO - [2026-03-15T00:00:47.571+0000] {dag.py:3036} INFO - Sync 1 DAGs
[2026-03-15T00:00:47.584+0000] {logging_mixin.py:188} INFO - [2026-03-15T00:00:47.583+0000] {dag.py:3823} INFO - Setting next_dagrun for cricketiq_etl_pipeline to 2026-03-14 23:00:00+00:00, run_after=2026-03-15 00:00:00+00:00
[2026-03-15T00:00:47.603+0000] {processor.py:183} INFO - Processing /opt/airflow/dags/cricket_etl_dag.py took 0.131 seconds
[2026-03-15T00:01:17.753+0000] {processor.py:161} INFO - Started process (PID=442) to work on /opt/airflow/dags/cricket_etl_dag.py
[2026-03-15T00:01:17.754+0000] {processor.py:830} INFO - Processing file /opt/airflow/dags/cricket_etl_dag.py for tasks to queue
[2026-03-15T00:01:17.755+0000] {logging_mixin.py:188} INFO - [2026-03-15T00:01:17.755+0000] {dagbag.py:538} INFO - Filling up the DagBag from /opt/airflow/dags/cricket_etl_dag.py
[2026-03-15T00:01:17.804+0000] {processor.py:840} INFO - DAG(s) 'cricketiq_etl_pipeline' retrieved from /opt/airflow/dags/cricket_etl_dag.py
[2026-03-15T00:01:17.824+0000] {logging_mixin.py:188} INFO - [2026-03-15T00:01:17.824+0000] {dag.py:3036} INFO - Sync 1 DAGs
[2026-03-15T00:01:17.838+0000] {logging_mixin.py:188} INFO - [2026-03-15T00:01:17.838+0000] {dag.py:3823} INFO - Setting next_dagrun for cricketiq_etl_pipeline to 2026-03-14 23:00:00+00:00, run_after=2026-03-15 00:00:00+00:00
[2026-03-15T00:01:17.855+0000] {processor.py:183} INFO - Processing /opt/airflow/dags/cricket_etl_dag.py took 0.104 seconds
[2026-03-15T00:01:48.116+0000] {processor.py:161} INFO - Started process (PID=447) to work on /opt/airflow/dags/cricket_etl_dag.py
[2026-03-15T00:01:48.117+0000] {processor.py:830} INFO - Processing file /opt/airflow/dags/cricket_etl_dag.py for tasks to queue
[2026-03-15T00:01:48.119+0000] {logging_mixin.py:188} INFO - [2026-03-15T00:01:48.118+0000] {dagbag.py:538} INFO - Filling up the DagBag from /opt/airflow/dags/cricket_etl_dag.py
[2026-03-15T00:01:48.157+0000] {processor.py:840} INFO - DAG(s) 'cricketiq_etl_pipeline' retrieved from /opt/airflow/dags/cricket_etl_dag.py
[2026-03-15T00:01:48.173+0000] {logging_mixin.py:188} INFO - [2026-03-15T00:01:48.173+0000] {dag.py:3036} INFO - Sync 1 DAGs
[2026-03-15T00:01:48.186+0000] {logging_mixin.py:188} INFO - [2026-03-15T00:01:48.186+0000] {dag.py:3823} INFO - Setting next_dagrun for cricketiq_etl_pipeline to 2026-03-14 23:00:00+00:00, run_after=2026-03-15 00:00:00+00:00
[2026-03-15T00:01:48.203+0000] {processor.py:183} INFO - Processing /opt/airflow/dags/cricket_etl_dag.py took 0.091 seconds
[2026-03-15T00:02:18.443+0000] {processor.py:161} INFO - Started process (PID=452) to work on /opt/airflow/dags/cricket_etl_dag.py
[2026-03-15T00:02:18.446+0000] {processor.py:830} INFO - Processing file /opt/airflow/dags/cricket_etl_dag.py for tasks to queue
[2026-03-15T00:02:18.448+0000] {logging_mixin.py:188} INFO - [2026-03-15T00:02:18.447+0000] {dagbag.py:538} INFO - Filling up the DagBag from /opt/airflow/dags/cricket_etl_dag.py
[2026-03-15T00:02:18.501+0000] {processor.py:840} INFO - DAG(s) 'cricketiq_etl_pipeline' retrieved from /opt/airflow/dags/cricket_etl_dag.py
[2026-03-15T00:02:18.520+0000] {logging_mixin.py:188} INFO - [2026-03-15T00:02:18.520+0000] {dag.py:3036} INFO - Sync 1 DAGs
[2026-03-15T00:02:18.533+0000] {logging_mixin.py:188} INFO - [2026-03-15T00:02:18.533+0000] {dag.py:3823} INFO - Setting next_dagrun for cricketiq_etl_pipeline to 2026-03-14 23:00:00+00:00, run_after=2026-03-15 00:00:00+00:00
[2026-03-15T00:02:18.549+0000] {processor.py:183} INFO - Processing /opt/airflow/dags/cricket_etl_dag.py took 0.109 seconds
[2026-03-15T00:02:48.788+0000] {processor.py:161} INFO - Started process (PID=457) to work on /opt/airflow/dags/cricket_etl_dag.py
[2026-03-15T00:02:48.790+0000] {processor.py:830} INFO - Processing file /opt/airflow/dags/cricket_etl_dag.py for tasks to queue
[2026-03-15T00:02:48.793+0000] {logging_mixin.py:188} INFO - [2026-03-15T00:02:48.792+0000] {dagbag.py:538} INFO - Filling up the DagBag from /opt/airflow/dags/cricket_etl_dag.py
[2026-03-15T00:02:48.859+0000] {processor.py:840} INFO - DAG(s) 'cricketiq_etl_pipeline' retrieved from /opt/airflow/dags/cricket_etl_dag.py
[2026-03-15T00:02:48.876+0000] {logging_mixin.py:188} INFO - [2026-03-15T00:02:48.876+0000] {dag.py:3036} INFO - Sync 1 DAGs
[2026-03-15T00:02:48.890+0000] {logging_mixin.py:188} INFO - [2026-03-15T00:02:48.890+0000] {dag.py:3823} INFO - Setting next_dagrun for cricketiq_etl_pipeline to 2026-03-14 23:00:00+00:00, run_after=2026-03-15 00:00:00+00:00
[2026-03-15T00:02:48.907+0000] {processor.py:183} INFO - Processing /opt/airflow/dags/cricket_etl_dag.py took 0.121 seconds
[2026-03-15T00:03:19.074+0000] {processor.py:161} INFO - Started process (PID=462) to work on /opt/airflow/dags/cricket_etl_dag.py
[2026-03-15T00:03:19.076+0000] {processor.py:830} INFO - Processing file /opt/airflow/dags/cricket_etl_dag.py for tasks to queue
[2026-03-15T00:03:19.077+0000] {logging_mixin.py:188} INFO - [2026-03-15T00:03:19.076+0000] {dagbag.py:538} INFO - Filling up the DagBag from /opt/airflow/dags/cricket_etl_dag.py
[2026-03-15T00:03:19.109+0000] {processor.py:840} INFO - DAG(s) 'cricketiq_etl_pipeline' retrieved from /opt/airflow/dags/cricket_etl_dag.py
[2026-03-15T00:03:19.130+0000] {logging_mixin.py:188} INFO - [2026-03-15T00:03:19.130+0000] {dag.py:3036} INFO - Sync 1 DAGs
[2026-03-15T00:03:19.146+0000] {logging_mixin.py:188} INFO - [2026-03-15T00:03:19.146+0000] {dag.py:3823} INFO - Setting next_dagrun for cricketiq_etl_pipeline to 2026-03-14 23:00:00+00:00, run_after=2026-03-15 00:00:00+00:00
[2026-03-15T00:03:19.161+0000] {processor.py:183} INFO - Processing /opt/airflow/dags/cricket_etl_dag.py took 0.090 seconds
[2026-03-15T00:03:49.527+0000] {processor.py:161} INFO - Started process (PID=467) to work on /opt/airflow/dags/cricket_etl_dag.py
[2026-03-15T00:03:49.529+0000] {processor.py:830} INFO - Processing file /opt/airflow/dags/cricket_etl_dag.py for tasks to queue
[2026-03-15T00:03:49.530+0000] {logging_mixin.py:188} INFO - [2026-03-15T00:03:49.530+0000] {dagbag.py:538} INFO - Filling up the DagBag from /opt/airflow/dags/cricket_etl_dag.py
[2026-03-15T00:03:49.597+0000] {processor.py:840} INFO - DAG(s) 'cricketiq_etl_pipeline' retrieved from /opt/airflow/dags/cricket_etl_dag.py
[2026-03-15T00:03:49.614+0000] {logging_mixin.py:188} INFO - [2026-03-15T00:03:49.614+0000] {dag.py:3036} INFO - Sync 1 DAGs
[2026-03-15T00:03:49.628+0000] {logging_mixin.py:188} INFO - [2026-03-15T00:03:49.628+0000] {dag.py:3823} INFO - Setting next_dagrun for cricketiq_etl_pipeline to 2026-03-14 23:00:00+00:00, run_after=2026-03-15 00:00:00+00:00
[2026-03-15T00:03:49.642+0000] {processor.py:183} INFO - Processing /opt/airflow/dags/cricket_etl_dag.py took 0.117 seconds
[2026-03-15T00:04:19.947+0000] {processor.py:161} INFO - Started process (PID=472) to work on /opt/airflow/dags/cricket_etl_dag.py
[2026-03-15T00:04:19.948+0000] {processor.py:830} INFO - Processing file /opt/airflow/dags/cricket_etl_dag.py for tasks to queue
[2026-03-15T00:04:19.949+0000] {logging_mixin.py:188} INFO - [2026-03-15T00:04:19.949+0000] {dagbag.py:538} INFO - Filling up the DagBag from /opt/airflow/dags/cricket_etl_dag.py
[2026-03-15T00:04:19.978+0000] {processor.py:840} INFO - DAG(s) 'cricketiq_etl_pipeline' retrieved from /opt/airflow/dags/cricket_etl_dag.py
[2026-03-15T00:04:19.994+0000] {logging_mixin.py:188} INFO - [2026-03-15T00:04:19.994+0000] {dag.py:3036} INFO - Sync 1 DAGs
[2026-03-15T00:04:20.006+0000] {logging_mixin.py:188} INFO - [2026-03-15T00:04:20.006+0000] {dag.py:3823} INFO - Setting next_dagrun for cricketiq_etl_pipeline to 2026-03-14 23:00:00+00:00, run_after=2026-03-15 00:00:00+00:00
[2026-03-15T00:04:20.022+0000] {processor.py:183} INFO - Processing /opt/airflow/dags/cricket_etl_dag.py took 0.077 seconds
[2026-03-15T00:04:50.378+0000] {processor.py:161} INFO - Started process (PID=477) to work on /opt/airflow/dags/cricket_etl_dag.py
[2026-03-15T00:04:50.380+0000] {processor.py:830} INFO - Processing file /opt/airflow/dags/cricket_etl_dag.py for tasks to queue
[2026-03-15T00:04:50.381+0000] {logging_mixin.py:188} INFO - [2026-03-15T00:04:50.381+0000] {dagbag.py:538} INFO - Filling up the DagBag from /opt/airflow/dags/cricket_etl_dag.py
[2026-03-15T00:04:50.435+0000] {processor.py:840} INFO - DAG(s) 'cricketiq_etl_pipeline' retrieved from /opt/airflow/dags/cricket_etl_dag.py
[2026-03-15T00:04:50.453+0000] {logging_mixin.py:188} INFO - [2026-03-15T00:04:50.453+0000] {dag.py:3036} INFO - Sync 1 DAGs
[2026-03-15T00:04:50.466+0000] {logging_mixin.py:188} INFO - [2026-03-15T00:04:50.466+0000] {dag.py:3823} INFO - Setting next_dagrun for cricketiq_etl_pipeline to 2026-03-14 23:00:00+00:00, run_after=2026-03-15 00:00:00+00:00
[2026-03-15T00:04:50.480+0000] {processor.py:183} INFO - Processing /opt/airflow/dags/cricket_etl_dag.py took 0.106 seconds
[2026-03-15T00:05:20.738+0000] {processor.py:161} INFO - Started process (PID=482) to work on /opt/airflow/dags/cricket_etl_dag.py
[2026-03-15T00:05:20.740+0000] {processor.py:830} INFO - Processing file /opt/airflow/dags/cricket_etl_dag.py for tasks to queue
[2026-03-15T00:05:20.741+0000] {logging_mixin.py:188} INFO - [2026-03-15T00:05:20.741+0000] {dagbag.py:538} INFO - Filling up the DagBag from /opt/airflow/dags/cricket_etl_dag.py
[2026-03-15T00:05:20.780+0000] {processor.py:840} INFO - DAG(s) 'cricketiq_etl_pipeline' retrieved from /opt/airflow/dags/cricket_etl_dag.py
[2026-03-15T00:05:20.799+0000] {logging_mixin.py:188} INFO - [2026-03-15T00:05:20.799+0000] {dag.py:3036} INFO - Sync 1 DAGs
[2026-03-15T00:05:20.813+0000] {logging_mixin.py:188} INFO - [2026-03-15T00:05:20.813+0000] {dag.py:3823} INFO - Setting next_dagrun for cricketiq_etl_pipeline to 2026-03-14 23:00:00+00:00, run_after=2026-03-15 00:00:00+00:00
[2026-03-15T00:05:20.828+0000] {processor.py:183} INFO - Processing /opt/airflow/dags/cricket_etl_dag.py took 0.092 seconds
[2026-03-15T00:05:51.354+0000] {processor.py:161} INFO - Started process (PID=487) to work on /opt/airflow/dags/cricket_etl_dag.py
[2026-03-15T00:05:51.356+0000] {processor.py:830} INFO - Processing file /opt/airflow/dags/cricket_etl_dag.py for tasks to queue
[2026-03-15T00:05:51.359+0000] {logging_mixin.py:188} INFO - [2026-03-15T00:05:51.359+0000] {dagbag.py:538} INFO - Filling up the DagBag from /opt/airflow/dags/cricket_etl_dag.py
[2026-03-15T00:05:51.426+0000] {processor.py:840} INFO - DAG(s) 'cricketiq_etl_pipeline' retrieved from /opt/airflow/dags/cricket_etl_dag.py
[2026-03-15T00:05:51.444+0000] {logging_mixin.py:188} INFO - [2026-03-15T00:05:51.444+0000] {dag.py:3036} INFO - Sync 1 DAGs
[2026-03-15T00:05:51.458+0000] {logging_mixin.py:188} INFO - [2026-03-15T00:05:51.458+0000] {dag.py:3823} INFO - Setting next_dagrun for cricketiq_etl_pipeline to 2026-03-14 23:00:00+00:00, run_after=2026-03-15 00:00:00+00:00
[2026-03-15T00:05:51.485+0000] {processor.py:183} INFO - Processing /opt/airflow/dags/cricket_etl_dag.py took 0.133 seconds
[2026-03-15T00:06:21.700+0000] {processor.py:161} INFO - Started process (PID=492) to work on /opt/airflow/dags/cricket_etl_dag.py
[2026-03-15T00:06:21.703+0000] {processor.py:830} INFO - Processing file /opt/airflow/dags/cricket_etl_dag.py for tasks to queue
[2026-03-15T00:06:21.708+0000] {logging_mixin.py:188} INFO - [2026-03-15T00:06:21.708+0000] {dagbag.py:538} INFO - Filling up the DagBag from /opt/airflow/dags/cricket_etl_dag.py
[2026-03-15T00:06:21.812+0000] {processor.py:840} INFO - DAG(s) 'cricketiq_etl_pipeline' retrieved from /opt/airflow/dags/cricket_etl_dag.py
[2026-03-15T00:06:21.832+0000] {logging_mixin.py:188} INFO - [2026-03-15T00:06:21.832+0000] {dag.py:3036} INFO - Sync 1 DAGs
[2026-03-15T00:06:21.844+0000] {logging_mixin.py:188} INFO - [2026-03-15T00:06:21.844+0000] {dag.py:3823} INFO - Setting next_dagrun for cricketiq_etl_pipeline to 2026-03-14 23:00:00+00:00, run_after=2026-03-15 00:00:00+00:00
[2026-03-15T00:06:21.864+0000] {processor.py:183} INFO - Processing /opt/airflow/dags/cricket_etl_dag.py took 0.169 seconds
[2026-03-15T00:06:52.275+0000] {processor.py:161} INFO - Started process (PID=497) to work on /opt/airflow/dags/cricket_etl_dag.py
[2026-03-15T00:06:52.280+0000] {processor.py:830} INFO - Processing file /opt/airflow/dags/cricket_etl_dag.py for tasks to queue
[2026-03-15T00:06:52.286+0000] {logging_mixin.py:188} INFO - [2026-03-15T00:06:52.286+0000] {dagbag.py:538} INFO - Filling up the DagBag from /opt/airflow/dags/cricket_etl_dag.py
[2026-03-15T00:06:52.420+0000] {processor.py:840} INFO - DAG(s) 'cricketiq_etl_pipeline' retrieved from /opt/airflow/dags/cricket_etl_dag.py
[2026-03-15T00:06:52.442+0000] {logging_mixin.py:188} INFO - [2026-03-15T00:06:52.442+0000] {dag.py:3036} INFO - Sync 1 DAGs
[2026-03-15T00:06:52.457+0000] {logging_mixin.py:188} INFO - [2026-03-15T00:06:52.457+0000] {dag.py:3823} INFO - Setting next_dagrun for cricketiq_etl_pipeline to 2026-03-14 23:00:00+00:00, run_after=2026-03-15 00:00:00+00:00
[2026-03-15T00:06:52.472+0000] {processor.py:183} INFO - Processing /opt/airflow/dags/cricket_etl_dag.py took 0.199 seconds
[2026-03-15T00:07:22.828+0000] {processor.py:161} INFO - Started process (PID=502) to work on /opt/airflow/dags/cricket_etl_dag.py
[2026-03-15T00:07:22.829+0000] {processor.py:830} INFO - Processing file /opt/airflow/dags/cricket_etl_dag.py for tasks to queue
[2026-03-15T00:07:22.830+0000] {logging_mixin.py:188} INFO - [2026-03-15T00:07:22.830+0000] {dagbag.py:538} INFO - Filling up the DagBag from /opt/airflow/dags/cricket_etl_dag.py
[2026-03-15T00:07:22.865+0000] {processor.py:840} INFO - DAG(s) 'cricketiq_etl_pipeline' retrieved from /opt/airflow/dags/cricket_etl_dag.py
[2026-03-15T00:07:22.886+0000] {logging_mixin.py:188} INFO - [2026-03-15T00:07:22.885+0000] {dag.py:3036} INFO - Sync 1 DAGs
[2026-03-15T00:07:22.900+0000] {logging_mixin.py:188} INFO - [2026-03-15T00:07:22.900+0000] {dag.py:3823} INFO - Setting next_dagrun for cricketiq_etl_pipeline to 2026-03-14 23:00:00+00:00, run_after=2026-03-15 00:00:00+00:00
[2026-03-15T00:07:22.915+0000] {processor.py:183} INFO - Processing /opt/airflow/dags/cricket_etl_dag.py took 0.091 seconds
[2026-03-15T00:07:53.090+0000] {processor.py:161} INFO - Started process (PID=507) to work on /opt/airflow/dags/cricket_etl_dag.py
[2026-03-15T00:07:53.094+0000] {processor.py:830} INFO - Processing file /opt/airflow/dags/cricket_etl_dag.py for tasks to queue
[2026-03-15T00:07:53.095+0000] {logging_mixin.py:188} INFO - [2026-03-15T00:07:53.095+0000] {dagbag.py:538} INFO - Filling up the DagBag from /opt/airflow/dags/cricket_etl_dag.py
[2026-03-15T00:07:53.140+0000] {processor.py:840} INFO - DAG(s) 'cricketiq_etl_pipeline' retrieved from /opt/airflow/dags/cricket_etl_dag.py
[2026-03-15T00:07:53.159+0000] {logging_mixin.py:188} INFO - [2026-03-15T00:07:53.158+0000] {dag.py:3036} INFO - Sync 1 DAGs
[2026-03-15T00:07:53.173+0000] {logging_mixin.py:188} INFO - [2026-03-15T00:07:53.173+0000] {dag.py:3823} INFO - Setting next_dagrun for cricketiq_etl_pipeline to 2026-03-14 23:00:00+00:00, run_after=2026-03-15 00:00:00+00:00
[2026-03-15T00:07:53.191+0000] {processor.py:183} INFO - Processing /opt/airflow/dags/cricket_etl_dag.py took 0.103 seconds
[2026-03-15T00:08:23.525+0000] {processor.py:161} INFO - Started process (PID=512) to work on /opt/airflow/dags/cricket_etl_dag.py
[2026-03-15T00:08:23.526+0000] {processor.py:830} INFO - Processing file /opt/airflow/dags/cricket_etl_dag.py for tasks to queue
[2026-03-15T00:08:23.528+0000] {logging_mixin.py:188} INFO - [2026-03-15T00:08:23.528+0000] {dagbag.py:538} INFO - Filling up the DagBag from /opt/airflow/dags/cricket_etl_dag.py
[2026-03-15T00:08:23.592+0000] {processor.py:840} INFO - DAG(s) 'cricketiq_etl_pipeline' retrieved from /opt/airflow/dags/cricket_etl_dag.py
[2026-03-15T00:08:23.609+0000] {logging_mixin.py:188} INFO - [2026-03-15T00:08:23.609+0000] {dag.py:3036} INFO - Sync 1 DAGs
[2026-03-15T00:08:23.633+0000] {logging_mixin.py:188} INFO - [2026-03-15T00:08:23.633+0000] {dag.py:3823} INFO - Setting next_dagrun for cricketiq_etl_pipeline to 2026-03-14 23:00:00+00:00, run_after=2026-03-15 00:00:00+00:00
[2026-03-15T00:08:23.667+0000] {processor.py:183} INFO - Processing /opt/airflow/dags/cricket_etl_dag.py took 0.144 seconds
[2026-03-15T00:08:53.924+0000] {processor.py:161} INFO - Started process (PID=517) to work on /opt/airflow/dags/cricket_etl_dag.py
[2026-03-15T00:08:53.927+0000] {processor.py:830} INFO - Processing file /opt/airflow/dags/cricket_etl_dag.py for tasks to queue
[2026-03-15T00:08:53.930+0000] {logging_mixin.py:188} INFO - [2026-03-15T00:08:53.930+0000] {dagbag.py:538} INFO - Filling up the DagBag from /opt/airflow/dags/cricket_etl_dag.py
[2026-03-15T00:08:53.963+0000] {processor.py:840} INFO - DAG(s) 'cricketiq_etl_pipeline' retrieved from /opt/airflow/dags/cricket_etl_dag.py
[2026-03-15T00:08:53.981+0000] {logging_mixin.py:188} INFO - [2026-03-15T00:08:53.981+0000] {dag.py:3036} INFO - Sync 1 DAGs
[2026-03-15T00:08:53.995+0000] {logging_mixin.py:188} INFO - [2026-03-15T00:08:53.995+0000] {dag.py:3823} INFO - Setting next_dagrun for cricketiq_etl_pipeline to 2026-03-14 23:00:00+00:00, run_after=2026-03-15 00:00:00+00:00
[2026-03-15T00:08:54.011+0000] {processor.py:183} INFO - Processing /opt/airflow/dags/cricket_etl_dag.py took 0.089 seconds
[2026-03-15T00:09:24.346+0000] {processor.py:161} INFO - Started process (PID=522) to work on /opt/airflow/dags/cricket_etl_dag.py
[2026-03-15T00:09:24.348+0000] {processor.py:830} INFO - Processing file /opt/airflow/dags/cricket_etl_dag.py for tasks to queue
[2026-03-15T00:09:24.349+0000] {logging_mixin.py:188} INFO - [2026-03-15T00:09:24.349+0000] {dagbag.py:538} INFO - Filling up the DagBag from /opt/airflow/dags/cricket_etl_dag.py
[2026-03-15T00:09:24.429+0000] {processor.py:840} INFO - DAG(s) 'cricketiq_etl_pipeline' retrieved from /opt/airflow/dags/cricket_etl_dag.py
[2026-03-15T00:09:24.455+0000] {logging_mixin.py:188} INFO - [2026-03-15T00:09:24.454+0000] {dag.py:3036} INFO - Sync 1 DAGs
[2026-03-15T00:09:24.474+0000] {logging_mixin.py:188} INFO - [2026-03-15T00:09:24.474+0000] {dag.py:3823} INFO - Setting next_dagrun for cricketiq_etl_pipeline to 2026-03-14 23:00:00+00:00, run_after=2026-03-15 00:00:00+00:00
[2026-03-15T00:09:24.495+0000] {processor.py:183} INFO - Processing /opt/airflow/dags/cricket_etl_dag.py took 0.154 seconds
[2026-03-15T00:09:54.773+0000] {processor.py:161} INFO - Started process (PID=527) to work on /opt/airflow/dags/cricket_etl_dag.py
[2026-03-15T00:09:54.781+0000] {processor.py:830} INFO - Processing file /opt/airflow/dags/cricket_etl_dag.py for tasks to queue
[2026-03-15T00:09:54.784+0000] {logging_mixin.py:188} INFO - [2026-03-15T00:09:54.784+0000] {dagbag.py:538} INFO - Filling up the DagBag from /opt/airflow/dags/cricket_etl_dag.py
[2026-03-15T00:09:54.832+0000] {processor.py:840} INFO - DAG(s) 'cricketiq_etl_pipeline' retrieved from /opt/airflow/dags/cricket_etl_dag.py
[2026-03-15T00:09:54.849+0000] {logging_mixin.py:188} INFO - [2026-03-15T00:09:54.849+0000] {dag.py:3036} INFO - Sync 1 DAGs
[2026-03-15T00:09:54.863+0000] {logging_mixin.py:188} INFO - [2026-03-15T00:09:54.863+0000] {dag.py:3823} INFO - Setting next_dagrun for cricketiq_etl_pipeline to 2026-03-14 23:00:00+00:00, run_after=2026-03-15 00:00:00+00:00
[2026-03-15T00:09:54.877+0000] {processor.py:183} INFO - Processing /opt/airflow/dags/cricket_etl_dag.py took 0.108 seconds
[2026-03-15T00:10:25.189+0000] {processor.py:161} INFO - Started process (PID=532) to work on /opt/airflow/dags/cricket_etl_dag.py
[2026-03-15T00:10:25.190+0000] {processor.py:830} INFO - Processing file /opt/airflow/dags/cricket_etl_dag.py for tasks to queue
[2026-03-15T00:10:25.191+0000] {logging_mixin.py:188} INFO - [2026-03-15T00:10:25.191+0000] {dagbag.py:538} INFO - Filling up the DagBag from /opt/airflow/dags/cricket_etl_dag.py
[2026-03-15T00:10:25.233+0000] {processor.py:840} INFO - DAG(s) 'cricketiq_etl_pipeline' retrieved from /opt/airflow/dags/cricket_etl_dag.py
[2026-03-15T00:10:25.250+0000] {logging_mixin.py:188} INFO - [2026-03-15T00:10:25.250+0000] {dag.py:3036} INFO - Sync 1 DAGs
[2026-03-15T00:10:25.263+0000] {logging_mixin.py:188} INFO - [2026-03-15T00:10:25.263+0000] {dag.py:3823} INFO - Setting next_dagrun for cricketiq_etl_pipeline to 2026-03-14 23:00:00+00:00, run_after=2026-03-15 00:00:00+00:00
[2026-03-15T00:10:25.278+0000] {processor.py:183} INFO - Processing /opt/airflow/dags/cricket_etl_dag.py took 0.092 seconds
[2026-03-15T00:10:55.648+0000] {processor.py:161} INFO - Started process (PID=537) to work on /opt/airflow/dags/cricket_etl_dag.py
[2026-03-15T00:10:55.650+0000] {processor.py:830} INFO - Processing file /opt/airflow/dags/cricket_etl_dag.py for tasks to queue
[2026-03-15T00:10:55.652+0000] {logging_mixin.py:188} INFO - [2026-03-15T00:10:55.652+0000] {dagbag.py:538} INFO - Filling up the DagBag from /opt/airflow/dags/cricket_etl_dag.py
[2026-03-15T00:10:55.734+0000] {processor.py:840} INFO - DAG(s) 'cricketiq_etl_pipeline' retrieved from /opt/airflow/dags/cricket_etl_dag.py
[2026-03-15T00:10:55.752+0000] {logging_mixin.py:188} INFO - [2026-03-15T00:10:55.752+0000] {dag.py:3036} INFO - Sync 1 DAGs
[2026-03-15T00:10:55.765+0000] {logging_mixin.py:188} INFO - [2026-03-15T00:10:55.765+0000] {dag.py:3823} INFO - Setting next_dagrun for cricketiq_etl_pipeline to 2026-03-14 23:00:00+00:00, run_after=2026-03-15 00:00:00+00:00
[2026-03-15T00:10:55.782+0000] {processor.py:183} INFO - Processing /opt/airflow/dags/cricket_etl_dag.py took 0.136 seconds
[2026-03-15T00:11:25.961+0000] {processor.py:161} INFO - Started process (PID=542) to work on /opt/airflow/dags/cricket_etl_dag.py
[2026-03-15T00:11:25.963+0000] {processor.py:830} INFO - Processing file /opt/airflow/dags/cricket_etl_dag.py for tasks to queue
[2026-03-15T00:11:25.964+0000] {logging_mixin.py:188} INFO - [2026-03-15T00:11:25.964+0000] {dagbag.py:538} INFO - Filling up the DagBag from /opt/airflow/dags/cricket_etl_dag.py
[2026-03-15T00:11:26.018+0000] {processor.py:840} INFO - DAG(s) 'cricketiq_etl_pipeline' retrieved from /opt/airflow/dags/cricket_etl_dag.py
[2026-03-15T00:11:26.036+0000] {logging_mixin.py:188} INFO - [2026-03-15T00:11:26.036+0000] {dag.py:3036} INFO - Sync 1 DAGs
[2026-03-15T00:11:26.050+0000] {logging_mixin.py:188} INFO - [2026-03-15T00:11:26.050+0000] {dag.py:3823} INFO - Setting next_dagrun for cricketiq_etl_pipeline to 2026-03-14 23:00:00+00:00, run_after=2026-03-15 00:00:00+00:00
[2026-03-15T00:11:26.063+0000] {processor.py:183} INFO - Processing /opt/airflow/dags/cricket_etl_dag.py took 0.104 seconds
[2026-03-15T00:11:56.434+0000] {processor.py:161} INFO - Started process (PID=547) to work on /opt/airflow/dags/cricket_etl_dag.py
[2026-03-15T00:11:56.436+0000] {processor.py:830} INFO - Processing file /opt/airflow/dags/cricket_etl_dag.py for tasks to queue
[2026-03-15T00:11:56.439+0000] {logging_mixin.py:188} INFO - [2026-03-15T00:11:56.439+0000] {dagbag.py:538} INFO - Filling up the DagBag from /opt/airflow/dags/cricket_etl_dag.py
[2026-03-15T00:11:56.527+0000] {processor.py:840} INFO - DAG(s) 'cricketiq_etl_pipeline' retrieved from /opt/airflow/dags/cricket_etl_dag.py
[2026-03-15T00:11:56.557+0000] {logging_mixin.py:188} INFO - [2026-03-15T00:11:56.557+0000] {dag.py:3036} INFO - Sync 1 DAGs
[2026-03-15T00:11:56.572+0000] {logging_mixin.py:188} INFO - [2026-03-15T00:11:56.571+0000] {dag.py:3823} INFO - Setting next_dagrun for cricketiq_etl_pipeline to 2026-03-14 23:00:00+00:00, run_after=2026-03-15 00:00:00+00:00
[2026-03-15T00:11:56.588+0000] {processor.py:183} INFO - Processing /opt/airflow/dags/cricket_etl_dag.py took 0.156 seconds
