[2026-03-14T23:22:39.418+0000] {manager.py:469} INFO - Processing files using up to 2 processes at a time 
[2026-03-14T23:22:39.742+0000] {manager.py:470} INFO - Process each file at most once every 30 seconds
[2026-03-14T23:22:39.743+0000] {manager.py:471} INFO - Checking for new files in /opt/airflow/dags every 300 seconds
[2026-03-14T23:22:39.744+0000] {manager.py:738} INFO - Searching for files in /opt/airflow/dags
[2026-03-14T23:22:39.952+0000] {manager.py:741} INFO - There are 1 files in /opt/airflow/dags
[2026-03-14T23:22:40.540+0000] {manager.py:879} INFO - 
================================================================================
DAG File Processing Stats

File Path                               PID  Runtime      # DAGs    # Errors  Last Runtime    Last Run
------------------------------------  -----  ---------  --------  ----------  --------------  ----------
/opt/airflow/dags/cricket_etl_dag.py    187  0.04s             0           0
================================================================================
[2026-03-14T23:23:12.623+0000] {manager.py:879} INFO - 
================================================================================
DAG File Processing Stats

File Path                             PID    Runtime      # DAGs    # Errors  Last Runtime    Last Run
------------------------------------  -----  ---------  --------  ----------  --------------  -------------------
/opt/airflow/dags/cricket_etl_dag.py                           1           0  0.51s           2026-03-14T23:22:41
================================================================================
[2026-03-14T23:23:38.594+0000] {manager.py:879} INFO - 
================================================================================
DAG File Processing Stats

File Path                             PID    Runtime      # DAGs    # Errors  Last Runtime    Last Run
------------------------------------  -----  ---------  --------  ----------  --------------  -------------------
/opt/airflow/dags/cricket_etl_dag.py                           1           0  1.29s           2026-03-14T23:23:13
================================================================================
[2026-03-14T23:24:13.430+0000] {manager.py:879} INFO - 
================================================================================
DAG File Processing Stats

File Path                             PID    Runtime      # DAGs    # Errors  Last Runtime    Last Run
------------------------------------  -----  ---------  --------  ----------  --------------  -------------------
/opt/airflow/dags/cricket_etl_dag.py                           1           0  4.54s           2026-03-14T23:23:49
================================================================================
[2026-03-14T23:24:42.241+0000] {manager.py:879} INFO - 
================================================================================
DAG File Processing Stats

File Path                             PID    Runtime      # DAGs    # Errors  Last Runtime    Last Run
------------------------------------  -----  ---------  --------  ----------  --------------  -------------------
/opt/airflow/dags/cricket_etl_dag.py                           1           0  0.45s           2026-03-14T23:24:20
================================================================================
[2026-03-14T23:25:12.542+0000] {manager.py:879} INFO - 
================================================================================
DAG File Processing Stats

File Path                             PID    Runtime      # DAGs    # Errors  Last Runtime    Last Run
------------------------------------  -----  ---------  --------  ----------  --------------  -------------------
/opt/airflow/dags/cricket_etl_dag.py                           1           0  1.38s           2026-03-14T23:24:52
================================================================================
