[2026-03-14T23:22:40.532+0000] {processor.py:161} INFO - Started process (PID=187) to work on /opt/airflow/dags/cricket_etl_dag.py
[2026-03-14T23:22:40.533+0000] {processor.py:830} INFO - Processing file /opt/airflow/dags/cricket_etl_dag.py for tasks to queue
[2026-03-14T23:22:40.534+0000] {logging_mixin.py:188} INFO - [2026-03-14T23:22:40.534+0000] {dagbag.py:538} INFO - Filling up the DagBag from /opt/airflow/dags/cricket_etl_dag.py
[2026-03-14T23:22:40.601+0000] {processor.py:840} INFO - DAG(s) 'cricketiq_etl_pipeline' retrieved from /opt/airflow/dags/cricket_etl_dag.py
[2026-03-14T23:22:40.773+0000] {logging_mixin.py:188} INFO - [2026-03-14T23:22:40.773+0000] {override.py:1769} INFO - Created Permission View: can read on DAG:cricketiq_etl_pipeline
[2026-03-14T23:22:40.801+0000] {logging_mixin.py:188} INFO - [2026-03-14T23:22:40.800+0000] {override.py:1769} INFO - Created Permission View: can edit on DAG:cricketiq_etl_pipeline
[2026-03-14T23:22:40.854+0000] {logging_mixin.py:188} INFO - [2026-03-14T23:22:40.854+0000] {override.py:1769} INFO - Created Permission View: can delete on DAG:cricketiq_etl_pipeline
[2026-03-14T23:22:40.857+0000] {logging_mixin.py:188} INFO - [2026-03-14T23:22:40.857+0000] {dag.py:3036} INFO - Sync 1 DAGs
[2026-03-14T23:22:40.867+0000] {logging_mixin.py:188} INFO - [2026-03-14T23:22:40.867+0000] {dag.py:3058} INFO - Creating ORM DAG for cricketiq_etl_pipeline
[2026-03-14T23:22:40.874+0000] {logging_mixin.py:188} INFO - [2026-03-14T23:22:40.874+0000] {dag.py:3823} INFO - Setting next_dagrun for cricketiq_etl_pipeline to 2026-03-14 22:00:00+00:00, run_after=2026-03-14 23:00:00+00:00
[2026-03-14T23:22:40.999+0000] {processor.py:183} INFO - Processing /opt/airflow/dags/cricket_etl_dag.py took 0.469 seconds
[2026-03-14T23:23:12.945+0000] {processor.py:161} INFO - Started process (PID=192) to work on /opt/airflow/dags/cricket_etl_dag.py
[2026-03-14T23:23:12.946+0000] {processor.py:830} INFO - Processing file /opt/airflow/dags/cricket_etl_dag.py for tasks to queue
[2026-03-14T23:23:12.947+0000] {logging_mixin.py:188} INFO - [2026-03-14T23:23:12.947+0000] {dagbag.py:538} INFO - Filling up the DagBag from /opt/airflow/dags/cricket_etl_dag.py
[2026-03-14T23:23:12.988+0000] {processor.py:840} INFO - DAG(s) 'cricketiq_etl_pipeline' retrieved from /opt/airflow/dags/cricket_etl_dag.py
[2026-03-14T23:23:13.672+0000] {logging_mixin.py:188} INFO - [2026-03-14T23:23:13.672+0000] {dag.py:3036} INFO - Sync 1 DAGs
[2026-03-14T23:23:13.690+0000] {logging_mixin.py:188} INFO - [2026-03-14T23:23:13.690+0000] {dag.py:3823} INFO - Setting next_dagrun for cricketiq_etl_pipeline to 2026-03-14 22:00:00+00:00, run_after=2026-03-14 23:00:00+00:00
[2026-03-14T23:23:13.953+0000] {processor.py:183} INFO - Processing /opt/airflow/dags/cricket_etl_dag.py took 1.011 seconds
[2026-03-14T23:23:44.797+0000] {processor.py:161} INFO - Started process (PID=197) to work on /opt/airflow/dags/cricket_etl_dag.py
[2026-03-14T23:23:46.547+0000] {processor.py:830} INFO - Processing file /opt/airflow/dags/cricket_etl_dag.py for tasks to queue
[2026-03-14T23:23:48.390+0000] {logging_mixin.py:188} INFO - [2026-03-14T23:23:48.389+0000] {dagbag.py:538} INFO - Filling up the DagBag from /opt/airflow/dags/cricket_etl_dag.py
[2026-03-14T23:23:48.487+0000] {processor.py:840} INFO - DAG(s) 'cricketiq_etl_pipeline' retrieved from /opt/airflow/dags/cricket_etl_dag.py
[2026-03-14T23:23:48.732+0000] {logging_mixin.py:188} INFO - [2026-03-14T23:23:48.732+0000] {dag.py:3036} INFO - Sync 1 DAGs
[2026-03-14T23:23:48.750+0000] {logging_mixin.py:188} INFO - [2026-03-14T23:23:48.749+0000] {dag.py:3823} INFO - Setting next_dagrun for cricketiq_etl_pipeline to 2026-03-14 22:00:00+00:00, run_after=2026-03-14 23:00:00+00:00
[2026-03-14T23:23:49.223+0000] {processor.py:183} INFO - Processing /opt/airflow/dags/cricket_etl_dag.py took 4.428 seconds
[2026-03-14T23:24:19.737+0000] {processor.py:161} INFO - Started process (PID=202) to work on /opt/airflow/dags/cricket_etl_dag.py
[2026-03-14T23:24:19.739+0000] {processor.py:830} INFO - Processing file /opt/airflow/dags/cricket_etl_dag.py for tasks to queue
[2026-03-14T23:24:19.740+0000] {logging_mixin.py:188} INFO - [2026-03-14T23:24:19.740+0000] {dagbag.py:538} INFO - Filling up the DagBag from /opt/airflow/dags/cricket_etl_dag.py
[2026-03-14T23:24:19.770+0000] {processor.py:840} INFO - DAG(s) 'cricketiq_etl_pipeline' retrieved from /opt/airflow/dags/cricket_etl_dag.py
[2026-03-14T23:24:19.879+0000] {logging_mixin.py:188} INFO - [2026-03-14T23:24:19.879+0000] {dag.py:3036} INFO - Sync 1 DAGs
[2026-03-14T23:24:19.893+0000] {logging_mixin.py:188} INFO - [2026-03-14T23:24:19.893+0000] {dag.py:3823} INFO - Setting next_dagrun for cricketiq_etl_pipeline to 2026-03-14 22:00:00+00:00, run_after=2026-03-14 23:00:00+00:00
[2026-03-14T23:24:20.047+0000] {processor.py:183} INFO - Processing /opt/airflow/dags/cricket_etl_dag.py took 0.313 seconds
[2026-03-14T23:24:50.973+0000] {processor.py:161} INFO - Started process (PID=207) to work on /opt/airflow/dags/cricket_etl_dag.py
[2026-03-14T23:24:51.270+0000] {processor.py:830} INFO - Processing file /opt/airflow/dags/cricket_etl_dag.py for tasks to queue
[2026-03-14T23:24:51.272+0000] {logging_mixin.py:188} INFO - [2026-03-14T23:24:51.271+0000] {dagbag.py:538} INFO - Filling up the DagBag from /opt/airflow/dags/cricket_etl_dag.py
[2026-03-14T23:24:51.408+0000] {processor.py:840} INFO - DAG(s) 'cricketiq_etl_pipeline' retrieved from /opt/airflow/dags/cricket_etl_dag.py
[2026-03-14T23:24:51.715+0000] {logging_mixin.py:188} INFO - [2026-03-14T23:24:51.715+0000] {dag.py:3036} INFO - Sync 1 DAGs
[2026-03-14T23:24:51.727+0000] {logging_mixin.py:188} INFO - [2026-03-14T23:24:51.727+0000] {dag.py:3823} INFO - Setting next_dagrun for cricketiq_etl_pipeline to 2026-03-14 22:00:00+00:00, run_after=2026-03-14 23:00:00+00:00
[2026-03-14T23:24:52.197+0000] {processor.py:183} INFO - Processing /opt/airflow/dags/cricket_etl_dag.py took 1.226 seconds
[2026-03-14T23:25:22.683+0000] {processor.py:161} INFO - Started process (PID=212) to work on /opt/airflow/dags/cricket_etl_dag.py
[2026-03-14T23:25:22.684+0000] {processor.py:830} INFO - Processing file /opt/airflow/dags/cricket_etl_dag.py for tasks to queue
[2026-03-14T23:25:22.685+0000] {logging_mixin.py:188} INFO - [2026-03-14T23:25:22.685+0000] {dagbag.py:538} INFO - Filling up the DagBag from /opt/airflow/dags/cricket_etl_dag.py
[2026-03-14T23:25:22.728+0000] {processor.py:840} INFO - DAG(s) 'cricketiq_etl_pipeline' retrieved from /opt/airflow/dags/cricket_etl_dag.py
[2026-03-14T23:25:22.782+0000] {logging_mixin.py:188} INFO - [2026-03-14T23:25:22.782+0000] {dag.py:3036} INFO - Sync 1 DAGs
[2026-03-14T23:25:22.796+0000] {logging_mixin.py:188} INFO - [2026-03-14T23:25:22.796+0000] {dag.py:3823} INFO - Setting next_dagrun for cricketiq_etl_pipeline to 2026-03-14 22:00:00+00:00, run_after=2026-03-14 23:00:00+00:00
[2026-03-14T23:25:22.871+0000] {processor.py:183} INFO - Processing /opt/airflow/dags/cricket_etl_dag.py took 0.190 seconds
[2026-03-14T23:35:26.775+0000] {processor.py:161} INFO - Started process (PID=187) to work on /opt/airflow/dags/cricket_etl_dag.py
[2026-03-14T23:35:26.775+0000] {processor.py:830} INFO - Processing file /opt/airflow/dags/cricket_etl_dag.py for tasks to queue
[2026-03-14T23:35:26.776+0000] {logging_mixin.py:188} INFO - [2026-03-14T23:35:26.776+0000] {dagbag.py:538} INFO - Filling up the DagBag from /opt/airflow/dags/cricket_etl_dag.py
[2026-03-14T23:35:26.801+0000] {processor.py:840} INFO - DAG(s) 'cricketiq_etl_pipeline' retrieved from /opt/airflow/dags/cricket_etl_dag.py
[2026-03-14T23:35:26.819+0000] {logging_mixin.py:188} INFO - [2026-03-14T23:35:26.819+0000] {dag.py:3036} INFO - Sync 1 DAGs
[2026-03-14T23:35:26.834+0000] {logging_mixin.py:188} INFO - [2026-03-14T23:35:26.834+0000] {dag.py:3823} INFO - Setting next_dagrun for cricketiq_etl_pipeline to 2026-03-14 22:00:00+00:00, run_after=2026-03-14 23:00:00+00:00
[2026-03-14T23:35:27.027+0000] {processor.py:183} INFO - Processing /opt/airflow/dags/cricket_etl_dag.py took 0.254 seconds
[2026-03-14T23:35:57.353+0000] {processor.py:161} INFO - Started process (PID=192) to work on /opt/airflow/dags/cricket_etl_dag.py
[2026-03-14T23:35:57.354+0000] {processor.py:830} INFO - Processing file /opt/airflow/dags/cricket_etl_dag.py for tasks to queue
[2026-03-14T23:35:57.355+0000] {logging_mixin.py:188} INFO - [2026-03-14T23:35:57.355+0000] {dagbag.py:538} INFO - Filling up the DagBag from /opt/airflow/dags/cricket_etl_dag.py
[2026-03-14T23:35:57.387+0000] {processor.py:840} INFO - DAG(s) 'cricketiq_etl_pipeline' retrieved from /opt/airflow/dags/cricket_etl_dag.py
[2026-03-14T23:35:57.606+0000] {logging_mixin.py:188} INFO - [2026-03-14T23:35:57.605+0000] {dag.py:3036} INFO - Sync 1 DAGs
[2026-03-14T23:35:57.619+0000] {logging_mixin.py:188} INFO - [2026-03-14T23:35:57.619+0000] {dag.py:3823} INFO - Setting next_dagrun for cricketiq_etl_pipeline to 2026-03-14 22:00:00+00:00, run_after=2026-03-14 23:00:00+00:00
[2026-03-14T23:35:57.635+0000] {processor.py:183} INFO - Processing /opt/airflow/dags/cricket_etl_dag.py took 0.285 seconds
[2026-03-14T23:36:27.952+0000] {processor.py:161} INFO - Started process (PID=197) to work on /opt/airflow/dags/cricket_etl_dag.py
[2026-03-14T23:36:27.953+0000] {processor.py:830} INFO - Processing file /opt/airflow/dags/cricket_etl_dag.py for tasks to queue
[2026-03-14T23:36:27.956+0000] {logging_mixin.py:188} INFO - [2026-03-14T23:36:27.955+0000] {dagbag.py:538} INFO - Filling up the DagBag from /opt/airflow/dags/cricket_etl_dag.py
[2026-03-14T23:36:28.011+0000] {processor.py:840} INFO - DAG(s) 'cricketiq_etl_pipeline' retrieved from /opt/airflow/dags/cricket_etl_dag.py
[2026-03-14T23:36:28.032+0000] {logging_mixin.py:188} INFO - [2026-03-14T23:36:28.032+0000] {dag.py:3036} INFO - Sync 1 DAGs
[2026-03-14T23:36:28.047+0000] {logging_mixin.py:188} INFO - [2026-03-14T23:36:28.047+0000] {dag.py:3823} INFO - Setting next_dagrun for cricketiq_etl_pipeline to 2026-03-14 22:00:00+00:00, run_after=2026-03-14 23:00:00+00:00
[2026-03-14T23:36:28.062+0000] {processor.py:183} INFO - Processing /opt/airflow/dags/cricket_etl_dag.py took 0.113 seconds
[2026-03-14T23:36:58.274+0000] {processor.py:161} INFO - Started process (PID=202) to work on /opt/airflow/dags/cricket_etl_dag.py
[2026-03-14T23:36:58.281+0000] {processor.py:830} INFO - Processing file /opt/airflow/dags/cricket_etl_dag.py for tasks to queue
[2026-03-14T23:36:58.286+0000] {logging_mixin.py:188} INFO - [2026-03-14T23:36:58.286+0000] {dagbag.py:538} INFO - Filling up the DagBag from /opt/airflow/dags/cricket_etl_dag.py
[2026-03-14T23:36:58.369+0000] {processor.py:840} INFO - DAG(s) 'cricketiq_etl_pipeline' retrieved from /opt/airflow/dags/cricket_etl_dag.py
[2026-03-14T23:36:58.388+0000] {logging_mixin.py:188} INFO - [2026-03-14T23:36:58.388+0000] {dag.py:3036} INFO - Sync 1 DAGs
[2026-03-14T23:36:58.404+0000] {logging_mixin.py:188} INFO - [2026-03-14T23:36:58.404+0000] {dag.py:3823} INFO - Setting next_dagrun for cricketiq_etl_pipeline to 2026-03-14 22:00:00+00:00, run_after=2026-03-14 23:00:00+00:00
[2026-03-14T23:36:58.426+0000] {processor.py:183} INFO - Processing /opt/airflow/dags/cricket_etl_dag.py took 0.154 seconds
[2026-03-14T23:37:28.814+0000] {processor.py:161} INFO - Started process (PID=207) to work on /opt/airflow/dags/cricket_etl_dag.py
[2026-03-14T23:37:28.814+0000] {processor.py:830} INFO - Processing file /opt/airflow/dags/cricket_etl_dag.py for tasks to queue
[2026-03-14T23:37:28.816+0000] {logging_mixin.py:188} INFO - [2026-03-14T23:37:28.815+0000] {dagbag.py:538} INFO - Filling up the DagBag from /opt/airflow/dags/cricket_etl_dag.py
[2026-03-14T23:37:28.848+0000] {processor.py:840} INFO - DAG(s) 'cricketiq_etl_pipeline' retrieved from /opt/airflow/dags/cricket_etl_dag.py
[2026-03-14T23:37:28.868+0000] {logging_mixin.py:188} INFO - [2026-03-14T23:37:28.868+0000] {dag.py:3036} INFO - Sync 1 DAGs
[2026-03-14T23:37:28.884+0000] {logging_mixin.py:188} INFO - [2026-03-14T23:37:28.883+0000] {dag.py:3823} INFO - Setting next_dagrun for cricketiq_etl_pipeline to 2026-03-14 22:00:00+00:00, run_after=2026-03-14 23:00:00+00:00
[2026-03-14T23:37:28.898+0000] {processor.py:183} INFO - Processing /opt/airflow/dags/cricket_etl_dag.py took 0.087 seconds
[2026-03-14T23:37:59.221+0000] {processor.py:161} INFO - Started process (PID=212) to work on /opt/airflow/dags/cricket_etl_dag.py
[2026-03-14T23:37:59.222+0000] {processor.py:830} INFO - Processing file /opt/airflow/dags/cricket_etl_dag.py for tasks to queue
[2026-03-14T23:37:59.223+0000] {logging_mixin.py:188} INFO - [2026-03-14T23:37:59.223+0000] {dagbag.py:538} INFO - Filling up the DagBag from /opt/airflow/dags/cricket_etl_dag.py
[2026-03-14T23:37:59.255+0000] {processor.py:840} INFO - DAG(s) 'cricketiq_etl_pipeline' retrieved from /opt/airflow/dags/cricket_etl_dag.py
[2026-03-14T23:37:59.276+0000] {logging_mixin.py:188} INFO - [2026-03-14T23:37:59.276+0000] {dag.py:3036} INFO - Sync 1 DAGs
[2026-03-14T23:37:59.290+0000] {logging_mixin.py:188} INFO - [2026-03-14T23:37:59.290+0000] {dag.py:3823} INFO - Setting next_dagrun for cricketiq_etl_pipeline to 2026-03-14 22:00:00+00:00, run_after=2026-03-14 23:00:00+00:00
[2026-03-14T23:37:59.304+0000] {processor.py:183} INFO - Processing /opt/airflow/dags/cricket_etl_dag.py took 0.085 seconds
[2026-03-14T23:38:29.519+0000] {processor.py:161} INFO - Started process (PID=217) to work on /opt/airflow/dags/cricket_etl_dag.py
[2026-03-14T23:38:29.521+0000] {processor.py:830} INFO - Processing file /opt/airflow/dags/cricket_etl_dag.py for tasks to queue
[2026-03-14T23:38:29.523+0000] {logging_mixin.py:188} INFO - [2026-03-14T23:38:29.522+0000] {dagbag.py:538} INFO - Filling up the DagBag from /opt/airflow/dags/cricket_etl_dag.py
[2026-03-14T23:38:29.573+0000] {processor.py:840} INFO - DAG(s) 'cricketiq_etl_pipeline' retrieved from /opt/airflow/dags/cricket_etl_dag.py
[2026-03-14T23:38:29.591+0000] {logging_mixin.py:188} INFO - [2026-03-14T23:38:29.591+0000] {dag.py:3036} INFO - Sync 1 DAGs
[2026-03-14T23:38:29.605+0000] {logging_mixin.py:188} INFO - [2026-03-14T23:38:29.604+0000] {dag.py:3823} INFO - Setting next_dagrun for cricketiq_etl_pipeline to 2026-03-14 22:00:00+00:00, run_after=2026-03-14 23:00:00+00:00
[2026-03-14T23:38:29.649+0000] {processor.py:183} INFO - Processing /opt/airflow/dags/cricket_etl_dag.py took 0.132 seconds
[2026-03-14T23:38:59.892+0000] {processor.py:161} INFO - Started process (PID=222) to work on /opt/airflow/dags/cricket_etl_dag.py
[2026-03-14T23:38:59.893+0000] {processor.py:830} INFO - Processing file /opt/airflow/dags/cricket_etl_dag.py for tasks to queue
[2026-03-14T23:38:59.895+0000] {logging_mixin.py:188} INFO - [2026-03-14T23:38:59.895+0000] {dagbag.py:538} INFO - Filling up the DagBag from /opt/airflow/dags/cricket_etl_dag.py
[2026-03-14T23:38:59.972+0000] {processor.py:840} INFO - DAG(s) 'cricketiq_etl_pipeline' retrieved from /opt/airflow/dags/cricket_etl_dag.py
[2026-03-14T23:38:59.991+0000] {logging_mixin.py:188} INFO - [2026-03-14T23:38:59.991+0000] {dag.py:3036} INFO - Sync 1 DAGs
[2026-03-14T23:39:00.012+0000] {logging_mixin.py:188} INFO - [2026-03-14T23:39:00.011+0000] {dag.py:3823} INFO - Setting next_dagrun for cricketiq_etl_pipeline to 2026-03-14 22:00:00+00:00, run_after=2026-03-14 23:00:00+00:00
[2026-03-14T23:39:00.031+0000] {processor.py:183} INFO - Processing /opt/airflow/dags/cricket_etl_dag.py took 0.142 seconds
[2026-03-14T23:39:30.170+0000] {processor.py:161} INFO - Started process (PID=227) to work on /opt/airflow/dags/cricket_etl_dag.py
[2026-03-14T23:39:30.171+0000] {processor.py:830} INFO - Processing file /opt/airflow/dags/cricket_etl_dag.py for tasks to queue
[2026-03-14T23:39:30.172+0000] {logging_mixin.py:188} INFO - [2026-03-14T23:39:30.172+0000] {dagbag.py:538} INFO - Filling up the DagBag from /opt/airflow/dags/cricket_etl_dag.py
[2026-03-14T23:39:30.209+0000] {processor.py:840} INFO - DAG(s) 'cricketiq_etl_pipeline' retrieved from /opt/airflow/dags/cricket_etl_dag.py
[2026-03-14T23:39:30.232+0000] {logging_mixin.py:188} INFO - [2026-03-14T23:39:30.231+0000] {dag.py:3036} INFO - Sync 1 DAGs
[2026-03-14T23:39:30.249+0000] {logging_mixin.py:188} INFO - [2026-03-14T23:39:30.249+0000] {dag.py:3823} INFO - Setting next_dagrun for cricketiq_etl_pipeline to 2026-03-14 22:00:00+00:00, run_after=2026-03-14 23:00:00+00:00
[2026-03-14T23:39:30.267+0000] {processor.py:183} INFO - Processing /opt/airflow/dags/cricket_etl_dag.py took 0.099 seconds
[2026-03-14T23:40:00.538+0000] {processor.py:161} INFO - Started process (PID=232) to work on /opt/airflow/dags/cricket_etl_dag.py
[2026-03-14T23:40:00.540+0000] {processor.py:830} INFO - Processing file /opt/airflow/dags/cricket_etl_dag.py for tasks to queue
[2026-03-14T23:40:00.542+0000] {logging_mixin.py:188} INFO - [2026-03-14T23:40:00.542+0000] {dagbag.py:538} INFO - Filling up the DagBag from /opt/airflow/dags/cricket_etl_dag.py
[2026-03-14T23:40:00.577+0000] {processor.py:840} INFO - DAG(s) 'cricketiq_etl_pipeline' retrieved from /opt/airflow/dags/cricket_etl_dag.py
[2026-03-14T23:40:00.599+0000] {logging_mixin.py:188} INFO - [2026-03-14T23:40:00.599+0000] {dag.py:3036} INFO - Sync 1 DAGs
[2026-03-14T23:40:00.616+0000] {logging_mixin.py:188} INFO - [2026-03-14T23:40:00.616+0000] {dag.py:3823} INFO - Setting next_dagrun for cricketiq_etl_pipeline to 2026-03-14 22:00:00+00:00, run_after=2026-03-14 23:00:00+00:00
[2026-03-14T23:40:00.635+0000] {processor.py:183} INFO - Processing /opt/airflow/dags/cricket_etl_dag.py took 0.099 seconds
[2026-03-14T23:40:31.317+0000] {processor.py:161} INFO - Started process (PID=237) to work on /opt/airflow/dags/cricket_etl_dag.py
[2026-03-14T23:40:31.319+0000] {processor.py:830} INFO - Processing file /opt/airflow/dags/cricket_etl_dag.py for tasks to queue
[2026-03-14T23:40:31.322+0000] {logging_mixin.py:188} INFO - [2026-03-14T23:40:31.322+0000] {dagbag.py:538} INFO - Filling up the DagBag from /opt/airflow/dags/cricket_etl_dag.py
[2026-03-14T23:40:31.384+0000] {processor.py:840} INFO - DAG(s) 'cricketiq_etl_pipeline' retrieved from /opt/airflow/dags/cricket_etl_dag.py
[2026-03-14T23:40:31.507+0000] {logging_mixin.py:188} INFO - [2026-03-14T23:40:31.507+0000] {dag.py:3036} INFO - Sync 1 DAGs
[2026-03-14T23:40:31.590+0000] {logging_mixin.py:188} INFO - [2026-03-14T23:40:31.590+0000] {dag.py:3823} INFO - Setting next_dagrun for cricketiq_etl_pipeline to 2026-03-14 22:00:00+00:00, run_after=2026-03-14 23:00:00+00:00
[2026-03-14T23:40:31.709+0000] {processor.py:183} INFO - Processing /opt/airflow/dags/cricket_etl_dag.py took 0.394 seconds
[2026-03-14T23:41:02.383+0000] {processor.py:161} INFO - Started process (PID=242) to work on /opt/airflow/dags/cricket_etl_dag.py
[2026-03-14T23:41:02.386+0000] {processor.py:830} INFO - Processing file /opt/airflow/dags/cricket_etl_dag.py for tasks to queue
[2026-03-14T23:41:02.387+0000] {logging_mixin.py:188} INFO - [2026-03-14T23:41:02.387+0000] {dagbag.py:538} INFO - Filling up the DagBag from /opt/airflow/dags/cricket_etl_dag.py
[2026-03-14T23:41:02.451+0000] {processor.py:840} INFO - DAG(s) 'cricketiq_etl_pipeline' retrieved from /opt/airflow/dags/cricket_etl_dag.py
[2026-03-14T23:41:02.471+0000] {logging_mixin.py:188} INFO - [2026-03-14T23:41:02.471+0000] {dag.py:3036} INFO - Sync 1 DAGs
[2026-03-14T23:41:02.487+0000] {logging_mixin.py:188} INFO - [2026-03-14T23:41:02.487+0000] {dag.py:3823} INFO - Setting next_dagrun for cricketiq_etl_pipeline to 2026-03-14 22:00:00+00:00, run_after=2026-03-14 23:00:00+00:00
[2026-03-14T23:41:02.513+0000] {processor.py:183} INFO - Processing /opt/airflow/dags/cricket_etl_dag.py took 0.132 seconds
[2026-03-14T23:41:32.806+0000] {processor.py:161} INFO - Started process (PID=247) to work on /opt/airflow/dags/cricket_etl_dag.py
[2026-03-14T23:41:32.807+0000] {processor.py:830} INFO - Processing file /opt/airflow/dags/cricket_etl_dag.py for tasks to queue
[2026-03-14T23:41:32.808+0000] {logging_mixin.py:188} INFO - [2026-03-14T23:41:32.808+0000] {dagbag.py:538} INFO - Filling up the DagBag from /opt/airflow/dags/cricket_etl_dag.py
[2026-03-14T23:41:32.846+0000] {processor.py:840} INFO - DAG(s) 'cricketiq_etl_pipeline' retrieved from /opt/airflow/dags/cricket_etl_dag.py
[2026-03-14T23:41:32.870+0000] {logging_mixin.py:188} INFO - [2026-03-14T23:41:32.870+0000] {dag.py:3036} INFO - Sync 1 DAGs
[2026-03-14T23:41:32.886+0000] {logging_mixin.py:188} INFO - [2026-03-14T23:41:32.886+0000] {dag.py:3823} INFO - Setting next_dagrun for cricketiq_etl_pipeline to 2026-03-14 22:00:00+00:00, run_after=2026-03-14 23:00:00+00:00
[2026-03-14T23:41:32.906+0000] {processor.py:183} INFO - Processing /opt/airflow/dags/cricket_etl_dag.py took 0.104 seconds
[2026-03-14T23:42:03.305+0000] {processor.py:161} INFO - Started process (PID=252) to work on /opt/airflow/dags/cricket_etl_dag.py
[2026-03-14T23:42:03.307+0000] {processor.py:830} INFO - Processing file /opt/airflow/dags/cricket_etl_dag.py for tasks to queue
[2026-03-14T23:42:03.310+0000] {logging_mixin.py:188} INFO - [2026-03-14T23:42:03.309+0000] {dagbag.py:538} INFO - Filling up the DagBag from /opt/airflow/dags/cricket_etl_dag.py
[2026-03-14T23:42:03.354+0000] {processor.py:840} INFO - DAG(s) 'cricketiq_etl_pipeline' retrieved from /opt/airflow/dags/cricket_etl_dag.py
[2026-03-14T23:42:03.374+0000] {logging_mixin.py:188} INFO - [2026-03-14T23:42:03.374+0000] {dag.py:3036} INFO - Sync 1 DAGs
[2026-03-14T23:42:03.388+0000] {logging_mixin.py:188} INFO - [2026-03-14T23:42:03.388+0000] {dag.py:3823} INFO - Setting next_dagrun for cricketiq_etl_pipeline to 2026-03-14 22:00:00+00:00, run_after=2026-03-14 23:00:00+00:00
[2026-03-14T23:42:03.402+0000] {processor.py:183} INFO - Processing /opt/airflow/dags/cricket_etl_dag.py took 0.100 seconds
[2026-03-14T23:42:33.514+0000] {processor.py:161} INFO - Started process (PID=257) to work on /opt/airflow/dags/cricket_etl_dag.py
[2026-03-14T23:42:33.515+0000] {processor.py:830} INFO - Processing file /opt/airflow/dags/cricket_etl_dag.py for tasks to queue
[2026-03-14T23:42:33.516+0000] {logging_mixin.py:188} INFO - [2026-03-14T23:42:33.515+0000] {dagbag.py:538} INFO - Filling up the DagBag from /opt/airflow/dags/cricket_etl_dag.py
[2026-03-14T23:42:33.539+0000] {processor.py:840} INFO - DAG(s) 'cricketiq_etl_pipeline' retrieved from /opt/airflow/dags/cricket_etl_dag.py
[2026-03-14T23:42:33.563+0000] {logging_mixin.py:188} INFO - [2026-03-14T23:42:33.563+0000] {dag.py:3036} INFO - Sync 1 DAGs
[2026-03-14T23:42:33.581+0000] {logging_mixin.py:188} INFO - [2026-03-14T23:42:33.580+0000] {dag.py:3823} INFO - Setting next_dagrun for cricketiq_etl_pipeline to 2026-03-14 22:00:00+00:00, run_after=2026-03-14 23:00:00+00:00
[2026-03-14T23:42:33.602+0000] {processor.py:183} INFO - Processing /opt/airflow/dags/cricket_etl_dag.py took 0.091 seconds
[2026-03-14T23:43:04.058+0000] {processor.py:161} INFO - Started process (PID=262) to work on /opt/airflow/dags/cricket_etl_dag.py
[2026-03-14T23:43:04.064+0000] {processor.py:830} INFO - Processing file /opt/airflow/dags/cricket_etl_dag.py for tasks to queue
[2026-03-14T23:43:04.070+0000] {logging_mixin.py:188} INFO - [2026-03-14T23:43:04.070+0000] {dagbag.py:538} INFO - Filling up the DagBag from /opt/airflow/dags/cricket_etl_dag.py
[2026-03-14T23:43:04.576+0000] {processor.py:840} INFO - DAG(s) 'cricketiq_etl_pipeline' retrieved from /opt/airflow/dags/cricket_etl_dag.py
[2026-03-14T23:43:04.600+0000] {logging_mixin.py:188} INFO - [2026-03-14T23:43:04.600+0000] {dag.py:3036} INFO - Sync 1 DAGs
[2026-03-14T23:43:04.719+0000] {logging_mixin.py:188} INFO - [2026-03-14T23:43:04.718+0000] {dag.py:3823} INFO - Setting next_dagrun for cricketiq_etl_pipeline to 2026-03-14 22:00:00+00:00, run_after=2026-03-14 23:00:00+00:00
[2026-03-14T23:43:04.742+0000] {processor.py:183} INFO - Processing /opt/airflow/dags/cricket_etl_dag.py took 0.687 seconds
[2026-03-14T23:43:35.673+0000] {processor.py:161} INFO - Started process (PID=267) to work on /opt/airflow/dags/cricket_etl_dag.py
[2026-03-14T23:43:35.674+0000] {processor.py:830} INFO - Processing file /opt/airflow/dags/cricket_etl_dag.py for tasks to queue
[2026-03-14T23:43:35.675+0000] {logging_mixin.py:188} INFO - [2026-03-14T23:43:35.675+0000] {dagbag.py:538} INFO - Filling up the DagBag from /opt/airflow/dags/cricket_etl_dag.py
[2026-03-14T23:43:35.726+0000] {processor.py:840} INFO - DAG(s) 'cricketiq_etl_pipeline' retrieved from /opt/airflow/dags/cricket_etl_dag.py
[2026-03-14T23:43:35.767+0000] {logging_mixin.py:188} INFO - [2026-03-14T23:43:35.766+0000] {dag.py:3036} INFO - Sync 1 DAGs
[2026-03-14T23:43:35.783+0000] {logging_mixin.py:188} INFO - [2026-03-14T23:43:35.783+0000] {dag.py:3823} INFO - Setting next_dagrun for cricketiq_etl_pipeline to 2026-03-14 22:00:00+00:00, run_after=2026-03-14 23:00:00+00:00
[2026-03-14T23:43:35.800+0000] {processor.py:183} INFO - Processing /opt/airflow/dags/cricket_etl_dag.py took 0.130 seconds
[2026-03-14T23:44:05.940+0000] {processor.py:161} INFO - Started process (PID=272) to work on /opt/airflow/dags/cricket_etl_dag.py
[2026-03-14T23:44:05.941+0000] {processor.py:830} INFO - Processing file /opt/airflow/dags/cricket_etl_dag.py for tasks to queue
[2026-03-14T23:44:05.942+0000] {logging_mixin.py:188} INFO - [2026-03-14T23:44:05.942+0000] {dagbag.py:538} INFO - Filling up the DagBag from /opt/airflow/dags/cricket_etl_dag.py
[2026-03-14T23:44:05.962+0000] {processor.py:840} INFO - DAG(s) 'cricketiq_etl_pipeline' retrieved from /opt/airflow/dags/cricket_etl_dag.py
[2026-03-14T23:44:05.985+0000] {logging_mixin.py:188} INFO - [2026-03-14T23:44:05.985+0000] {dag.py:3036} INFO - Sync 1 DAGs
[2026-03-14T23:44:06.001+0000] {logging_mixin.py:188} INFO - [2026-03-14T23:44:06.001+0000] {dag.py:3823} INFO - Setting next_dagrun for cricketiq_etl_pipeline to 2026-03-14 22:00:00+00:00, run_after=2026-03-14 23:00:00+00:00
[2026-03-14T23:44:06.020+0000] {processor.py:183} INFO - Processing /opt/airflow/dags/cricket_etl_dag.py took 0.083 seconds
[2026-03-14T23:44:36.192+0000] {processor.py:161} INFO - Started process (PID=277) to work on /opt/airflow/dags/cricket_etl_dag.py
[2026-03-14T23:44:36.194+0000] {processor.py:830} INFO - Processing file /opt/airflow/dags/cricket_etl_dag.py for tasks to queue
[2026-03-14T23:44:36.195+0000] {logging_mixin.py:188} INFO - [2026-03-14T23:44:36.194+0000] {dagbag.py:538} INFO - Filling up the DagBag from /opt/airflow/dags/cricket_etl_dag.py
[2026-03-14T23:44:36.217+0000] {processor.py:840} INFO - DAG(s) 'cricketiq_etl_pipeline' retrieved from /opt/airflow/dags/cricket_etl_dag.py
[2026-03-14T23:44:36.334+0000] {logging_mixin.py:188} INFO - [2026-03-14T23:44:36.333+0000] {dag.py:3036} INFO - Sync 1 DAGs
[2026-03-14T23:44:36.351+0000] {logging_mixin.py:188} INFO - [2026-03-14T23:44:36.351+0000] {dag.py:3823} INFO - Setting next_dagrun for cricketiq_etl_pipeline to 2026-03-14 22:00:00+00:00, run_after=2026-03-14 23:00:00+00:00
[2026-03-14T23:44:36.371+0000] {processor.py:183} INFO - Processing /opt/airflow/dags/cricket_etl_dag.py took 0.181 seconds
[2026-03-14T23:45:06.617+0000] {processor.py:161} INFO - Started process (PID=282) to work on /opt/airflow/dags/cricket_etl_dag.py
[2026-03-14T23:45:06.618+0000] {processor.py:830} INFO - Processing file /opt/airflow/dags/cricket_etl_dag.py for tasks to queue
[2026-03-14T23:45:06.619+0000] {logging_mixin.py:188} INFO - [2026-03-14T23:45:06.619+0000] {dagbag.py:538} INFO - Filling up the DagBag from /opt/airflow/dags/cricket_etl_dag.py
[2026-03-14T23:45:06.652+0000] {processor.py:840} INFO - DAG(s) 'cricketiq_etl_pipeline' retrieved from /opt/airflow/dags/cricket_etl_dag.py
[2026-03-14T23:45:06.670+0000] {logging_mixin.py:188} INFO - [2026-03-14T23:45:06.670+0000] {dag.py:3036} INFO - Sync 1 DAGs
[2026-03-14T23:45:06.686+0000] {logging_mixin.py:188} INFO - [2026-03-14T23:45:06.685+0000] {dag.py:3823} INFO - Setting next_dagrun for cricketiq_etl_pipeline to 2026-03-14 22:00:00+00:00, run_after=2026-03-14 23:00:00+00:00
[2026-03-14T23:45:06.701+0000] {processor.py:183} INFO - Processing /opt/airflow/dags/cricket_etl_dag.py took 0.086 seconds
[2026-03-14T23:45:36.890+0000] {processor.py:161} INFO - Started process (PID=287) to work on /opt/airflow/dags/cricket_etl_dag.py
[2026-03-14T23:45:36.891+0000] {processor.py:830} INFO - Processing file /opt/airflow/dags/cricket_etl_dag.py for tasks to queue
[2026-03-14T23:45:36.892+0000] {logging_mixin.py:188} INFO - [2026-03-14T23:45:36.892+0000] {dagbag.py:538} INFO - Filling up the DagBag from /opt/airflow/dags/cricket_etl_dag.py
[2026-03-14T23:45:36.924+0000] {processor.py:840} INFO - DAG(s) 'cricketiq_etl_pipeline' retrieved from /opt/airflow/dags/cricket_etl_dag.py
[2026-03-14T23:45:36.944+0000] {logging_mixin.py:188} INFO - [2026-03-14T23:45:36.944+0000] {dag.py:3036} INFO - Sync 1 DAGs
[2026-03-14T23:45:36.958+0000] {logging_mixin.py:188} INFO - [2026-03-14T23:45:36.958+0000] {dag.py:3823} INFO - Setting next_dagrun for cricketiq_etl_pipeline to 2026-03-14 22:00:00+00:00, run_after=2026-03-14 23:00:00+00:00
[2026-03-14T23:45:36.975+0000] {processor.py:183} INFO - Processing /opt/airflow/dags/cricket_etl_dag.py took 0.087 seconds
[2026-03-14T23:46:07.215+0000] {processor.py:161} INFO - Started process (PID=292) to work on /opt/airflow/dags/cricket_etl_dag.py
[2026-03-14T23:46:07.216+0000] {processor.py:830} INFO - Processing file /opt/airflow/dags/cricket_etl_dag.py for tasks to queue
[2026-03-14T23:46:07.217+0000] {logging_mixin.py:188} INFO - [2026-03-14T23:46:07.217+0000] {dagbag.py:538} INFO - Filling up the DagBag from /opt/airflow/dags/cricket_etl_dag.py
[2026-03-14T23:46:07.257+0000] {processor.py:840} INFO - DAG(s) 'cricketiq_etl_pipeline' retrieved from /opt/airflow/dags/cricket_etl_dag.py
[2026-03-14T23:46:07.275+0000] {logging_mixin.py:188} INFO - [2026-03-14T23:46:07.275+0000] {dag.py:3036} INFO - Sync 1 DAGs
[2026-03-14T23:46:07.289+0000] {logging_mixin.py:188} INFO - [2026-03-14T23:46:07.289+0000] {dag.py:3823} INFO - Setting next_dagrun for cricketiq_etl_pipeline to 2026-03-14 22:00:00+00:00, run_after=2026-03-14 23:00:00+00:00
[2026-03-14T23:46:07.303+0000] {processor.py:183} INFO - Processing /opt/airflow/dags/cricket_etl_dag.py took 0.091 seconds
[2026-03-14T23:46:37.513+0000] {processor.py:161} INFO - Started process (PID=297) to work on /opt/airflow/dags/cricket_etl_dag.py
[2026-03-14T23:46:37.515+0000] {processor.py:830} INFO - Processing file /opt/airflow/dags/cricket_etl_dag.py for tasks to queue
[2026-03-14T23:46:37.516+0000] {logging_mixin.py:188} INFO - [2026-03-14T23:46:37.516+0000] {dagbag.py:538} INFO - Filling up the DagBag from /opt/airflow/dags/cricket_etl_dag.py
[2026-03-14T23:46:37.566+0000] {processor.py:840} INFO - DAG(s) 'cricketiq_etl_pipeline' retrieved from /opt/airflow/dags/cricket_etl_dag.py
[2026-03-14T23:46:37.584+0000] {logging_mixin.py:188} INFO - [2026-03-14T23:46:37.584+0000] {dag.py:3036} INFO - Sync 1 DAGs
[2026-03-14T23:46:37.597+0000] {logging_mixin.py:188} INFO - [2026-03-14T23:46:37.597+0000] {dag.py:3823} INFO - Setting next_dagrun for cricketiq_etl_pipeline to 2026-03-14 22:00:00+00:00, run_after=2026-03-14 23:00:00+00:00
[2026-03-14T23:46:37.611+0000] {processor.py:183} INFO - Processing /opt/airflow/dags/cricket_etl_dag.py took 0.100 seconds
[2026-03-14T23:47:07.751+0000] {processor.py:161} INFO - Started process (PID=302) to work on /opt/airflow/dags/cricket_etl_dag.py
[2026-03-14T23:47:07.755+0000] {processor.py:830} INFO - Processing file /opt/airflow/dags/cricket_etl_dag.py for tasks to queue
[2026-03-14T23:47:07.757+0000] {logging_mixin.py:188} INFO - [2026-03-14T23:47:07.756+0000] {dagbag.py:538} INFO - Filling up the DagBag from /opt/airflow/dags/cricket_etl_dag.py
[2026-03-14T23:47:07.799+0000] {processor.py:840} INFO - DAG(s) 'cricketiq_etl_pipeline' retrieved from /opt/airflow/dags/cricket_etl_dag.py
[2026-03-14T23:47:07.819+0000] {logging_mixin.py:188} INFO - [2026-03-14T23:47:07.819+0000] {dag.py:3036} INFO - Sync 1 DAGs
[2026-03-14T23:47:07.836+0000] {logging_mixin.py:188} INFO - [2026-03-14T23:47:07.836+0000] {dag.py:3823} INFO - Setting next_dagrun for cricketiq_etl_pipeline to 2026-03-14 22:00:00+00:00, run_after=2026-03-14 23:00:00+00:00
[2026-03-14T23:47:07.856+0000] {processor.py:183} INFO - Processing /opt/airflow/dags/cricket_etl_dag.py took 0.108 seconds
[2026-03-14T23:47:38.135+0000] {processor.py:161} INFO - Started process (PID=307) to work on /opt/airflow/dags/cricket_etl_dag.py
[2026-03-14T23:47:38.137+0000] {processor.py:830} INFO - Processing file /opt/airflow/dags/cricket_etl_dag.py for tasks to queue
[2026-03-14T23:47:38.139+0000] {logging_mixin.py:188} INFO - [2026-03-14T23:47:38.139+0000] {dagbag.py:538} INFO - Filling up the DagBag from /opt/airflow/dags/cricket_etl_dag.py
[2026-03-14T23:47:38.195+0000] {processor.py:840} INFO - DAG(s) 'cricketiq_etl_pipeline' retrieved from /opt/airflow/dags/cricket_etl_dag.py
[2026-03-14T23:47:38.211+0000] {logging_mixin.py:188} INFO - [2026-03-14T23:47:38.211+0000] {dag.py:3036} INFO - Sync 1 DAGs
[2026-03-14T23:47:38.225+0000] {logging_mixin.py:188} INFO - [2026-03-14T23:47:38.225+0000] {dag.py:3823} INFO - Setting next_dagrun for cricketiq_etl_pipeline to 2026-03-14 22:00:00+00:00, run_after=2026-03-14 23:00:00+00:00
[2026-03-14T23:47:38.244+0000] {processor.py:183} INFO - Processing /opt/airflow/dags/cricket_etl_dag.py took 0.110 seconds
[2026-03-14T23:48:08.412+0000] {processor.py:161} INFO - Started process (PID=312) to work on /opt/airflow/dags/cricket_etl_dag.py
[2026-03-14T23:48:08.413+0000] {processor.py:830} INFO - Processing file /opt/airflow/dags/cricket_etl_dag.py for tasks to queue
[2026-03-14T23:48:08.415+0000] {logging_mixin.py:188} INFO - [2026-03-14T23:48:08.415+0000] {dagbag.py:538} INFO - Filling up the DagBag from /opt/airflow/dags/cricket_etl_dag.py
[2026-03-14T23:48:08.451+0000] {processor.py:840} INFO - DAG(s) 'cricketiq_etl_pipeline' retrieved from /opt/airflow/dags/cricket_etl_dag.py
[2026-03-14T23:48:08.471+0000] {logging_mixin.py:188} INFO - [2026-03-14T23:48:08.470+0000] {dag.py:3036} INFO - Sync 1 DAGs
[2026-03-14T23:48:08.489+0000] {logging_mixin.py:188} INFO - [2026-03-14T23:48:08.489+0000] {dag.py:3823} INFO - Setting next_dagrun for cricketiq_etl_pipeline to 2026-03-14 22:00:00+00:00, run_after=2026-03-14 23:00:00+00:00
[2026-03-14T23:48:08.503+0000] {processor.py:183} INFO - Processing /opt/airflow/dags/cricket_etl_dag.py took 0.094 seconds
[2026-03-14T23:48:39.411+0000] {processor.py:161} INFO - Started process (PID=317) to work on /opt/airflow/dags/cricket_etl_dag.py
[2026-03-14T23:48:39.413+0000] {processor.py:830} INFO - Processing file /opt/airflow/dags/cricket_etl_dag.py for tasks to queue
[2026-03-14T23:48:39.415+0000] {logging_mixin.py:188} INFO - [2026-03-14T23:48:39.414+0000] {dagbag.py:538} INFO - Filling up the DagBag from /opt/airflow/dags/cricket_etl_dag.py
[2026-03-14T23:48:39.478+0000] {processor.py:840} INFO - DAG(s) 'cricketiq_etl_pipeline' retrieved from /opt/airflow/dags/cricket_etl_dag.py
[2026-03-14T23:48:39.505+0000] {logging_mixin.py:188} INFO - [2026-03-14T23:48:39.505+0000] {dag.py:3036} INFO - Sync 1 DAGs
[2026-03-14T23:48:39.520+0000] {logging_mixin.py:188} INFO - [2026-03-14T23:48:39.520+0000] {dag.py:3823} INFO - Setting next_dagrun for cricketiq_etl_pipeline to 2026-03-14 22:00:00+00:00, run_after=2026-03-14 23:00:00+00:00
[2026-03-14T23:48:39.538+0000] {processor.py:183} INFO - Processing /opt/airflow/dags/cricket_etl_dag.py took 0.129 seconds
[2026-03-14T23:49:09.918+0000] {processor.py:161} INFO - Started process (PID=322) to work on /opt/airflow/dags/cricket_etl_dag.py
[2026-03-14T23:49:09.920+0000] {processor.py:830} INFO - Processing file /opt/airflow/dags/cricket_etl_dag.py for tasks to queue
[2026-03-14T23:49:09.922+0000] {logging_mixin.py:188} INFO - [2026-03-14T23:49:09.921+0000] {dagbag.py:538} INFO - Filling up the DagBag from /opt/airflow/dags/cricket_etl_dag.py
[2026-03-14T23:49:09.974+0000] {processor.py:840} INFO - DAG(s) 'cricketiq_etl_pipeline' retrieved from /opt/airflow/dags/cricket_etl_dag.py
[2026-03-14T23:49:09.993+0000] {logging_mixin.py:188} INFO - [2026-03-14T23:49:09.993+0000] {dag.py:3036} INFO - Sync 1 DAGs
[2026-03-14T23:49:10.008+0000] {logging_mixin.py:188} INFO - [2026-03-14T23:49:10.007+0000] {dag.py:3823} INFO - Setting next_dagrun for cricketiq_etl_pipeline to 2026-03-14 22:00:00+00:00, run_after=2026-03-14 23:00:00+00:00
[2026-03-14T23:49:10.023+0000] {processor.py:183} INFO - Processing /opt/airflow/dags/cricket_etl_dag.py took 0.108 seconds
[2026-03-14T23:49:40.175+0000] {processor.py:161} INFO - Started process (PID=327) to work on /opt/airflow/dags/cricket_etl_dag.py
[2026-03-14T23:49:40.176+0000] {processor.py:830} INFO - Processing file /opt/airflow/dags/cricket_etl_dag.py for tasks to queue
[2026-03-14T23:49:40.178+0000] {logging_mixin.py:188} INFO - [2026-03-14T23:49:40.178+0000] {dagbag.py:538} INFO - Filling up the DagBag from /opt/airflow/dags/cricket_etl_dag.py
[2026-03-14T23:49:40.222+0000] {processor.py:840} INFO - DAG(s) 'cricketiq_etl_pipeline' retrieved from /opt/airflow/dags/cricket_etl_dag.py
[2026-03-14T23:49:40.241+0000] {logging_mixin.py:188} INFO - [2026-03-14T23:49:40.240+0000] {dag.py:3036} INFO - Sync 1 DAGs
[2026-03-14T23:49:40.257+0000] {logging_mixin.py:188} INFO - [2026-03-14T23:49:40.256+0000] {dag.py:3823} INFO - Setting next_dagrun for cricketiq_etl_pipeline to 2026-03-14 22:00:00+00:00, run_after=2026-03-14 23:00:00+00:00
[2026-03-14T23:49:40.273+0000] {processor.py:183} INFO - Processing /opt/airflow/dags/cricket_etl_dag.py took 0.100 seconds
[2026-03-14T23:50:10.561+0000] {processor.py:161} INFO - Started process (PID=332) to work on /opt/airflow/dags/cricket_etl_dag.py
[2026-03-14T23:50:10.565+0000] {processor.py:830} INFO - Processing file /opt/airflow/dags/cricket_etl_dag.py for tasks to queue
[2026-03-14T23:50:10.567+0000] {logging_mixin.py:188} INFO - [2026-03-14T23:50:10.567+0000] {dagbag.py:538} INFO - Filling up the DagBag from /opt/airflow/dags/cricket_etl_dag.py
[2026-03-14T23:50:10.633+0000] {processor.py:840} INFO - DAG(s) 'cricketiq_etl_pipeline' retrieved from /opt/airflow/dags/cricket_etl_dag.py
[2026-03-14T23:50:10.652+0000] {logging_mixin.py:188} INFO - [2026-03-14T23:50:10.652+0000] {dag.py:3036} INFO - Sync 1 DAGs
[2026-03-14T23:50:10.669+0000] {logging_mixin.py:188} INFO - [2026-03-14T23:50:10.669+0000] {dag.py:3823} INFO - Setting next_dagrun for cricketiq_etl_pipeline to 2026-03-14 22:00:00+00:00, run_after=2026-03-14 23:00:00+00:00
[2026-03-14T23:50:10.690+0000] {processor.py:183} INFO - Processing /opt/airflow/dags/cricket_etl_dag.py took 0.132 seconds
[2026-03-14T23:50:40.926+0000] {processor.py:161} INFO - Started process (PID=337) to work on /opt/airflow/dags/cricket_etl_dag.py
[2026-03-14T23:50:40.928+0000] {processor.py:830} INFO - Processing file /opt/airflow/dags/cricket_etl_dag.py for tasks to queue
[2026-03-14T23:50:40.929+0000] {logging_mixin.py:188} INFO - [2026-03-14T23:50:40.929+0000] {dagbag.py:538} INFO - Filling up the DagBag from /opt/airflow/dags/cricket_etl_dag.py
[2026-03-14T23:50:40.993+0000] {processor.py:840} INFO - DAG(s) 'cricketiq_etl_pipeline' retrieved from /opt/airflow/dags/cricket_etl_dag.py
[2026-03-14T23:50:41.012+0000] {logging_mixin.py:188} INFO - [2026-03-14T23:50:41.011+0000] {dag.py:3036} INFO - Sync 1 DAGs
[2026-03-14T23:50:41.026+0000] {logging_mixin.py:188} INFO - [2026-03-14T23:50:41.026+0000] {dag.py:3823} INFO - Setting next_dagrun for cricketiq_etl_pipeline to 2026-03-14 22:00:00+00:00, run_after=2026-03-14 23:00:00+00:00
[2026-03-14T23:50:41.048+0000] {processor.py:183} INFO - Processing /opt/airflow/dags/cricket_etl_dag.py took 0.125 seconds
[2026-03-14T23:51:11.182+0000] {processor.py:161} INFO - Started process (PID=342) to work on /opt/airflow/dags/cricket_etl_dag.py
[2026-03-14T23:51:11.183+0000] {processor.py:830} INFO - Processing file /opt/airflow/dags/cricket_etl_dag.py for tasks to queue
[2026-03-14T23:51:11.184+0000] {logging_mixin.py:188} INFO - [2026-03-14T23:51:11.184+0000] {dagbag.py:538} INFO - Filling up the DagBag from /opt/airflow/dags/cricket_etl_dag.py
[2026-03-14T23:51:11.238+0000] {processor.py:840} INFO - DAG(s) 'cricketiq_etl_pipeline' retrieved from /opt/airflow/dags/cricket_etl_dag.py
[2026-03-14T23:51:11.258+0000] {logging_mixin.py:188} INFO - [2026-03-14T23:51:11.257+0000] {dag.py:3036} INFO - Sync 1 DAGs
[2026-03-14T23:51:11.272+0000] {logging_mixin.py:188} INFO - [2026-03-14T23:51:11.272+0000] {dag.py:3823} INFO - Setting next_dagrun for cricketiq_etl_pipeline to 2026-03-14 22:00:00+00:00, run_after=2026-03-14 23:00:00+00:00
[2026-03-14T23:51:11.291+0000] {processor.py:183} INFO - Processing /opt/airflow/dags/cricket_etl_dag.py took 0.111 seconds
[2026-03-14T23:51:41.699+0000] {processor.py:161} INFO - Started process (PID=347) to work on /opt/airflow/dags/cricket_etl_dag.py
[2026-03-14T23:51:41.701+0000] {processor.py:830} INFO - Processing file /opt/airflow/dags/cricket_etl_dag.py for tasks to queue
[2026-03-14T23:51:41.703+0000] {logging_mixin.py:188} INFO - [2026-03-14T23:51:41.702+0000] {dagbag.py:538} INFO - Filling up the DagBag from /opt/airflow/dags/cricket_etl_dag.py
[2026-03-14T23:51:41.748+0000] {processor.py:840} INFO - DAG(s) 'cricketiq_etl_pipeline' retrieved from /opt/airflow/dags/cricket_etl_dag.py
[2026-03-14T23:51:41.767+0000] {logging_mixin.py:188} INFO - [2026-03-14T23:51:41.766+0000] {dag.py:3036} INFO - Sync 1 DAGs
[2026-03-14T23:51:41.781+0000] {logging_mixin.py:188} INFO - [2026-03-14T23:51:41.781+0000] {dag.py:3823} INFO - Setting next_dagrun for cricketiq_etl_pipeline to 2026-03-14 22:00:00+00:00, run_after=2026-03-14 23:00:00+00:00
[2026-03-14T23:51:41.795+0000] {processor.py:183} INFO - Processing /opt/airflow/dags/cricket_etl_dag.py took 0.098 seconds
[2026-03-14T23:52:11.902+0000] {processor.py:161} INFO - Started process (PID=352) to work on /opt/airflow/dags/cricket_etl_dag.py
[2026-03-14T23:52:11.904+0000] {processor.py:830} INFO - Processing file /opt/airflow/dags/cricket_etl_dag.py for tasks to queue
[2026-03-14T23:52:11.907+0000] {logging_mixin.py:188} INFO - [2026-03-14T23:52:11.907+0000] {dagbag.py:538} INFO - Filling up the DagBag from /opt/airflow/dags/cricket_etl_dag.py
[2026-03-14T23:52:11.945+0000] {processor.py:840} INFO - DAG(s) 'cricketiq_etl_pipeline' retrieved from /opt/airflow/dags/cricket_etl_dag.py
[2026-03-14T23:52:11.965+0000] {logging_mixin.py:188} INFO - [2026-03-14T23:52:11.965+0000] {dag.py:3036} INFO - Sync 1 DAGs
[2026-03-14T23:52:11.980+0000] {logging_mixin.py:188} INFO - [2026-03-14T23:52:11.980+0000] {dag.py:3823} INFO - Setting next_dagrun for cricketiq_etl_pipeline to 2026-03-14 22:00:00+00:00, run_after=2026-03-14 23:00:00+00:00
[2026-03-14T23:52:11.995+0000] {processor.py:183} INFO - Processing /opt/airflow/dags/cricket_etl_dag.py took 0.096 seconds
[2026-03-14T23:52:42.190+0000] {processor.py:161} INFO - Started process (PID=357) to work on /opt/airflow/dags/cricket_etl_dag.py
[2026-03-14T23:52:42.194+0000] {processor.py:830} INFO - Processing file /opt/airflow/dags/cricket_etl_dag.py for tasks to queue
[2026-03-14T23:52:42.196+0000] {logging_mixin.py:188} INFO - [2026-03-14T23:52:42.196+0000] {dagbag.py:538} INFO - Filling up the DagBag from /opt/airflow/dags/cricket_etl_dag.py
[2026-03-14T23:52:42.324+0000] {processor.py:840} INFO - DAG(s) 'cricketiq_etl_pipeline' retrieved from /opt/airflow/dags/cricket_etl_dag.py
[2026-03-14T23:52:42.342+0000] {logging_mixin.py:188} INFO - [2026-03-14T23:52:42.342+0000] {dag.py:3036} INFO - Sync 1 DAGs
[2026-03-14T23:52:42.356+0000] {logging_mixin.py:188} INFO - [2026-03-14T23:52:42.356+0000] {dag.py:3823} INFO - Setting next_dagrun for cricketiq_etl_pipeline to 2026-03-14 22:00:00+00:00, run_after=2026-03-14 23:00:00+00:00
[2026-03-14T23:52:42.375+0000] {processor.py:183} INFO - Processing /opt/airflow/dags/cricket_etl_dag.py took 0.190 seconds
[2026-03-14T23:53:12.473+0000] {processor.py:161} INFO - Started process (PID=362) to work on /opt/airflow/dags/cricket_etl_dag.py
[2026-03-14T23:53:12.475+0000] {processor.py:830} INFO - Processing file /opt/airflow/dags/cricket_etl_dag.py for tasks to queue
[2026-03-14T23:53:12.475+0000] {logging_mixin.py:188} INFO - [2026-03-14T23:53:12.475+0000] {dagbag.py:538} INFO - Filling up the DagBag from /opt/airflow/dags/cricket_etl_dag.py
[2026-03-14T23:53:12.507+0000] {processor.py:840} INFO - DAG(s) 'cricketiq_etl_pipeline' retrieved from /opt/airflow/dags/cricket_etl_dag.py
[2026-03-14T23:53:12.527+0000] {logging_mixin.py:188} INFO - [2026-03-14T23:53:12.526+0000] {dag.py:3036} INFO - Sync 1 DAGs
[2026-03-14T23:53:12.542+0000] {logging_mixin.py:188} INFO - [2026-03-14T23:53:12.542+0000] {dag.py:3823} INFO - Setting next_dagrun for cricketiq_etl_pipeline to 2026-03-14 22:00:00+00:00, run_after=2026-03-14 23:00:00+00:00
[2026-03-14T23:53:12.559+0000] {processor.py:183} INFO - Processing /opt/airflow/dags/cricket_etl_dag.py took 0.087 seconds
[2026-03-14T23:53:42.816+0000] {processor.py:161} INFO - Started process (PID=367) to work on /opt/airflow/dags/cricket_etl_dag.py
[2026-03-14T23:53:42.818+0000] {processor.py:830} INFO - Processing file /opt/airflow/dags/cricket_etl_dag.py for tasks to queue
[2026-03-14T23:53:42.819+0000] {logging_mixin.py:188} INFO - [2026-03-14T23:53:42.819+0000] {dagbag.py:538} INFO - Filling up the DagBag from /opt/airflow/dags/cricket_etl_dag.py
[2026-03-14T23:53:42.895+0000] {processor.py:840} INFO - DAG(s) 'cricketiq_etl_pipeline' retrieved from /opt/airflow/dags/cricket_etl_dag.py
[2026-03-14T23:53:42.913+0000] {logging_mixin.py:188} INFO - [2026-03-14T23:53:42.913+0000] {dag.py:3036} INFO - Sync 1 DAGs
[2026-03-14T23:53:42.926+0000] {logging_mixin.py:188} INFO - [2026-03-14T23:53:42.926+0000] {dag.py:3823} INFO - Setting next_dagrun for cricketiq_etl_pipeline to 2026-03-14 22:00:00+00:00, run_after=2026-03-14 23:00:00+00:00
[2026-03-14T23:53:42.944+0000] {processor.py:183} INFO - Processing /opt/airflow/dags/cricket_etl_dag.py took 0.131 seconds
[2026-03-14T23:54:13.133+0000] {processor.py:161} INFO - Started process (PID=372) to work on /opt/airflow/dags/cricket_etl_dag.py
[2026-03-14T23:54:13.134+0000] {processor.py:830} INFO - Processing file /opt/airflow/dags/cricket_etl_dag.py for tasks to queue
[2026-03-14T23:54:13.135+0000] {logging_mixin.py:188} INFO - [2026-03-14T23:54:13.135+0000] {dagbag.py:538} INFO - Filling up the DagBag from /opt/airflow/dags/cricket_etl_dag.py
[2026-03-14T23:54:13.229+0000] {processor.py:840} INFO - DAG(s) 'cricketiq_etl_pipeline' retrieved from /opt/airflow/dags/cricket_etl_dag.py
[2026-03-14T23:54:13.247+0000] {logging_mixin.py:188} INFO - [2026-03-14T23:54:13.247+0000] {dag.py:3036} INFO - Sync 1 DAGs
[2026-03-14T23:54:13.261+0000] {logging_mixin.py:188} INFO - [2026-03-14T23:54:13.260+0000] {dag.py:3823} INFO - Setting next_dagrun for cricketiq_etl_pipeline to 2026-03-14 22:00:00+00:00, run_after=2026-03-14 23:00:00+00:00
[2026-03-14T23:54:13.280+0000] {processor.py:183} INFO - Processing /opt/airflow/dags/cricket_etl_dag.py took 0.150 seconds
[2026-03-14T23:54:43.507+0000] {processor.py:161} INFO - Started process (PID=377) to work on /opt/airflow/dags/cricket_etl_dag.py
[2026-03-14T23:54:43.508+0000] {processor.py:830} INFO - Processing file /opt/airflow/dags/cricket_etl_dag.py for tasks to queue
[2026-03-14T23:54:43.509+0000] {logging_mixin.py:188} INFO - [2026-03-14T23:54:43.509+0000] {dagbag.py:538} INFO - Filling up the DagBag from /opt/airflow/dags/cricket_etl_dag.py
[2026-03-14T23:54:43.549+0000] {processor.py:840} INFO - DAG(s) 'cricketiq_etl_pipeline' retrieved from /opt/airflow/dags/cricket_etl_dag.py
[2026-03-14T23:54:43.567+0000] {logging_mixin.py:188} INFO - [2026-03-14T23:54:43.567+0000] {dag.py:3036} INFO - Sync 1 DAGs
[2026-03-14T23:54:43.581+0000] {logging_mixin.py:188} INFO - [2026-03-14T23:54:43.581+0000] {dag.py:3823} INFO - Setting next_dagrun for cricketiq_etl_pipeline to 2026-03-14 22:00:00+00:00, run_after=2026-03-14 23:00:00+00:00
[2026-03-14T23:54:43.596+0000] {processor.py:183} INFO - Processing /opt/airflow/dags/cricket_etl_dag.py took 0.092 seconds
[2026-03-14T23:55:13.882+0000] {processor.py:161} INFO - Started process (PID=382) to work on /opt/airflow/dags/cricket_etl_dag.py
[2026-03-14T23:55:13.884+0000] {processor.py:830} INFO - Processing file /opt/airflow/dags/cricket_etl_dag.py for tasks to queue
[2026-03-14T23:55:13.885+0000] {logging_mixin.py:188} INFO - [2026-03-14T23:55:13.884+0000] {dagbag.py:538} INFO - Filling up the DagBag from /opt/airflow/dags/cricket_etl_dag.py
[2026-03-14T23:55:13.924+0000] {processor.py:840} INFO - DAG(s) 'cricketiq_etl_pipeline' retrieved from /opt/airflow/dags/cricket_etl_dag.py
[2026-03-14T23:55:13.944+0000] {logging_mixin.py:188} INFO - [2026-03-14T23:55:13.944+0000] {dag.py:3036} INFO - Sync 1 DAGs
[2026-03-14T23:55:13.957+0000] {logging_mixin.py:188} INFO - [2026-03-14T23:55:13.957+0000] {dag.py:3823} INFO - Setting next_dagrun for cricketiq_etl_pipeline to 2026-03-14 22:00:00+00:00, run_after=2026-03-14 23:00:00+00:00
[2026-03-14T23:55:13.975+0000] {processor.py:183} INFO - Processing /opt/airflow/dags/cricket_etl_dag.py took 0.095 seconds
[2026-03-14T23:55:44.243+0000] {processor.py:161} INFO - Started process (PID=387) to work on /opt/airflow/dags/cricket_etl_dag.py
[2026-03-14T23:55:44.246+0000] {processor.py:830} INFO - Processing file /opt/airflow/dags/cricket_etl_dag.py for tasks to queue
[2026-03-14T23:55:44.249+0000] {logging_mixin.py:188} INFO - [2026-03-14T23:55:44.248+0000] {dagbag.py:538} INFO - Filling up the DagBag from /opt/airflow/dags/cricket_etl_dag.py
[2026-03-14T23:55:44.318+0000] {processor.py:840} INFO - DAG(s) 'cricketiq_etl_pipeline' retrieved from /opt/airflow/dags/cricket_etl_dag.py
[2026-03-14T23:55:44.339+0000] {logging_mixin.py:188} INFO - [2026-03-14T23:55:44.339+0000] {dag.py:3036} INFO - Sync 1 DAGs
[2026-03-14T23:55:44.357+0000] {logging_mixin.py:188} INFO - [2026-03-14T23:55:44.357+0000] {dag.py:3823} INFO - Setting next_dagrun for cricketiq_etl_pipeline to 2026-03-14 22:00:00+00:00, run_after=2026-03-14 23:00:00+00:00
[2026-03-14T23:55:44.378+0000] {processor.py:183} INFO - Processing /opt/airflow/dags/cricket_etl_dag.py took 0.136 seconds
[2026-03-14T23:56:14.504+0000] {processor.py:161} INFO - Started process (PID=392) to work on /opt/airflow/dags/cricket_etl_dag.py
[2026-03-14T23:56:14.506+0000] {processor.py:830} INFO - Processing file /opt/airflow/dags/cricket_etl_dag.py for tasks to queue
[2026-03-14T23:56:14.507+0000] {logging_mixin.py:188} INFO - [2026-03-14T23:56:14.507+0000] {dagbag.py:538} INFO - Filling up the DagBag from /opt/airflow/dags/cricket_etl_dag.py
[2026-03-14T23:56:14.535+0000] {processor.py:840} INFO - DAG(s) 'cricketiq_etl_pipeline' retrieved from /opt/airflow/dags/cricket_etl_dag.py
[2026-03-14T23:56:14.553+0000] {logging_mixin.py:188} INFO - [2026-03-14T23:56:14.553+0000] {dag.py:3036} INFO - Sync 1 DAGs
[2026-03-14T23:56:14.566+0000] {logging_mixin.py:188} INFO - [2026-03-14T23:56:14.565+0000] {dag.py:3823} INFO - Setting next_dagrun for cricketiq_etl_pipeline to 2026-03-14 22:00:00+00:00, run_after=2026-03-14 23:00:00+00:00
[2026-03-14T23:56:14.580+0000] {processor.py:183} INFO - Processing /opt/airflow/dags/cricket_etl_dag.py took 0.078 seconds
[2026-03-14T23:56:44.758+0000] {processor.py:161} INFO - Started process (PID=397) to work on /opt/airflow/dags/cricket_etl_dag.py
[2026-03-14T23:56:44.759+0000] {processor.py:830} INFO - Processing file /opt/airflow/dags/cricket_etl_dag.py for tasks to queue
[2026-03-14T23:56:44.760+0000] {logging_mixin.py:188} INFO - [2026-03-14T23:56:44.760+0000] {dagbag.py:538} INFO - Filling up the DagBag from /opt/airflow/dags/cricket_etl_dag.py
[2026-03-14T23:56:44.791+0000] {processor.py:840} INFO - DAG(s) 'cricketiq_etl_pipeline' retrieved from /opt/airflow/dags/cricket_etl_dag.py
[2026-03-14T23:56:44.812+0000] {logging_mixin.py:188} INFO - [2026-03-14T23:56:44.812+0000] {dag.py:3036} INFO - Sync 1 DAGs
[2026-03-14T23:56:44.827+0000] {logging_mixin.py:188} INFO - [2026-03-14T23:56:44.827+0000] {dag.py:3823} INFO - Setting next_dagrun for cricketiq_etl_pipeline to 2026-03-14 22:00:00+00:00, run_after=2026-03-14 23:00:00+00:00
[2026-03-14T23:56:44.843+0000] {processor.py:183} INFO - Processing /opt/airflow/dags/cricket_etl_dag.py took 0.088 seconds
[2026-03-14T23:57:15.077+0000] {processor.py:161} INFO - Started process (PID=402) to work on /opt/airflow/dags/cricket_etl_dag.py
[2026-03-14T23:57:15.079+0000] {processor.py:830} INFO - Processing file /opt/airflow/dags/cricket_etl_dag.py for tasks to queue
[2026-03-14T23:57:15.080+0000] {logging_mixin.py:188} INFO - [2026-03-14T23:57:15.080+0000] {dagbag.py:538} INFO - Filling up the DagBag from /opt/airflow/dags/cricket_etl_dag.py
[2026-03-14T23:57:15.125+0000] {processor.py:840} INFO - DAG(s) 'cricketiq_etl_pipeline' retrieved from /opt/airflow/dags/cricket_etl_dag.py
[2026-03-14T23:57:15.144+0000] {logging_mixin.py:188} INFO - [2026-03-14T23:57:15.144+0000] {dag.py:3036} INFO - Sync 1 DAGs
[2026-03-14T23:57:15.159+0000] {logging_mixin.py:188} INFO - [2026-03-14T23:57:15.159+0000] {dag.py:3823} INFO - Setting next_dagrun for cricketiq_etl_pipeline to 2026-03-14 22:00:00+00:00, run_after=2026-03-14 23:00:00+00:00
[2026-03-14T23:57:15.178+0000] {processor.py:183} INFO - Processing /opt/airflow/dags/cricket_etl_dag.py took 0.103 seconds
[2026-03-14T23:57:45.384+0000] {processor.py:161} INFO - Started process (PID=407) to work on /opt/airflow/dags/cricket_etl_dag.py
[2026-03-14T23:57:45.385+0000] {processor.py:830} INFO - Processing file /opt/airflow/dags/cricket_etl_dag.py for tasks to queue
[2026-03-14T23:57:45.386+0000] {logging_mixin.py:188} INFO - [2026-03-14T23:57:45.386+0000] {dagbag.py:538} INFO - Filling up the DagBag from /opt/airflow/dags/cricket_etl_dag.py
[2026-03-14T23:57:45.485+0000] {processor.py:840} INFO - DAG(s) 'cricketiq_etl_pipeline' retrieved from /opt/airflow/dags/cricket_etl_dag.py
[2026-03-14T23:57:45.506+0000] {logging_mixin.py:188} INFO - [2026-03-14T23:57:45.505+0000] {dag.py:3036} INFO - Sync 1 DAGs
[2026-03-14T23:57:45.524+0000] {logging_mixin.py:188} INFO - [2026-03-14T23:57:45.524+0000] {dag.py:3823} INFO - Setting next_dagrun for cricketiq_etl_pipeline to 2026-03-14 22:00:00+00:00, run_after=2026-03-14 23:00:00+00:00
[2026-03-14T23:57:45.540+0000] {processor.py:183} INFO - Processing /opt/airflow/dags/cricket_etl_dag.py took 0.158 seconds
[2026-03-14T23:58:15.722+0000] {processor.py:161} INFO - Started process (PID=412) to work on /opt/airflow/dags/cricket_etl_dag.py
[2026-03-14T23:58:15.723+0000] {processor.py:830} INFO - Processing file /opt/airflow/dags/cricket_etl_dag.py for tasks to queue
[2026-03-14T23:58:15.725+0000] {logging_mixin.py:188} INFO - [2026-03-14T23:58:15.725+0000] {dagbag.py:538} INFO - Filling up the DagBag from /opt/airflow/dags/cricket_etl_dag.py
[2026-03-14T23:58:15.757+0000] {processor.py:840} INFO - DAG(s) 'cricketiq_etl_pipeline' retrieved from /opt/airflow/dags/cricket_etl_dag.py
[2026-03-14T23:58:15.776+0000] {logging_mixin.py:188} INFO - [2026-03-14T23:58:15.776+0000] {dag.py:3036} INFO - Sync 1 DAGs
[2026-03-14T23:58:15.792+0000] {logging_mixin.py:188} INFO - [2026-03-14T23:58:15.792+0000] {dag.py:3823} INFO - Setting next_dagrun for cricketiq_etl_pipeline to 2026-03-14 22:00:00+00:00, run_after=2026-03-14 23:00:00+00:00
[2026-03-14T23:58:15.810+0000] {processor.py:183} INFO - Processing /opt/airflow/dags/cricket_etl_dag.py took 0.090 seconds
[2026-03-14T23:58:46.084+0000] {processor.py:161} INFO - Started process (PID=417) to work on /opt/airflow/dags/cricket_etl_dag.py
[2026-03-14T23:58:46.085+0000] {processor.py:830} INFO - Processing file /opt/airflow/dags/cricket_etl_dag.py for tasks to queue
[2026-03-14T23:58:46.087+0000] {logging_mixin.py:188} INFO - [2026-03-14T23:58:46.087+0000] {dagbag.py:538} INFO - Filling up the DagBag from /opt/airflow/dags/cricket_etl_dag.py
[2026-03-14T23:58:46.126+0000] {processor.py:840} INFO - DAG(s) 'cricketiq_etl_pipeline' retrieved from /opt/airflow/dags/cricket_etl_dag.py
[2026-03-14T23:58:46.144+0000] {logging_mixin.py:188} INFO - [2026-03-14T23:58:46.144+0000] {dag.py:3036} INFO - Sync 1 DAGs
[2026-03-14T23:58:46.158+0000] {logging_mixin.py:188} INFO - [2026-03-14T23:58:46.158+0000] {dag.py:3823} INFO - Setting next_dagrun for cricketiq_etl_pipeline to 2026-03-14 22:00:00+00:00, run_after=2026-03-14 23:00:00+00:00
[2026-03-14T23:58:46.174+0000] {processor.py:183} INFO - Processing /opt/airflow/dags/cricket_etl_dag.py took 0.092 seconds
[2026-03-14T23:59:16.417+0000] {processor.py:161} INFO - Started process (PID=422) to work on /opt/airflow/dags/cricket_etl_dag.py
[2026-03-14T23:59:16.419+0000] {processor.py:830} INFO - Processing file /opt/airflow/dags/cricket_etl_dag.py for tasks to queue
[2026-03-14T23:59:16.420+0000] {logging_mixin.py:188} INFO - [2026-03-14T23:59:16.419+0000] {dagbag.py:538} INFO - Filling up the DagBag from /opt/airflow/dags/cricket_etl_dag.py
[2026-03-14T23:59:16.457+0000] {processor.py:840} INFO - DAG(s) 'cricketiq_etl_pipeline' retrieved from /opt/airflow/dags/cricket_etl_dag.py
[2026-03-14T23:59:16.475+0000] {logging_mixin.py:188} INFO - [2026-03-14T23:59:16.475+0000] {dag.py:3036} INFO - Sync 1 DAGs
[2026-03-14T23:59:16.490+0000] {logging_mixin.py:188} INFO - [2026-03-14T23:59:16.490+0000] {dag.py:3823} INFO - Setting next_dagrun for cricketiq_etl_pipeline to 2026-03-14 22:00:00+00:00, run_after=2026-03-14 23:00:00+00:00
[2026-03-14T23:59:16.508+0000] {processor.py:183} INFO - Processing /opt/airflow/dags/cricket_etl_dag.py took 0.093 seconds
[2026-03-14T23:59:46.750+0000] {processor.py:161} INFO - Started process (PID=427) to work on /opt/airflow/dags/cricket_etl_dag.py
[2026-03-14T23:59:46.751+0000] {processor.py:830} INFO - Processing file /opt/airflow/dags/cricket_etl_dag.py for tasks to queue
[2026-03-14T23:59:46.752+0000] {logging_mixin.py:188} INFO - [2026-03-14T23:59:46.752+0000] {dagbag.py:538} INFO - Filling up the DagBag from /opt/airflow/dags/cricket_etl_dag.py
[2026-03-14T23:59:46.789+0000] {processor.py:840} INFO - DAG(s) 'cricketiq_etl_pipeline' retrieved from /opt/airflow/dags/cricket_etl_dag.py
[2026-03-14T23:59:46.806+0000] {logging_mixin.py:188} INFO - [2026-03-14T23:59:46.806+0000] {dag.py:3036} INFO - Sync 1 DAGs
[2026-03-14T23:59:46.825+0000] {logging_mixin.py:188} INFO - [2026-03-14T23:59:46.825+0000] {dag.py:3823} INFO - Setting next_dagrun for cricketiq_etl_pipeline to 2026-03-14 22:00:00+00:00, run_after=2026-03-14 23:00:00+00:00
[2026-03-14T23:59:46.846+0000] {processor.py:183} INFO - Processing /opt/airflow/dags/cricket_etl_dag.py took 0.098 seconds
